{"/home/project/src/App.jsx": {"path":"/home/project/src/App.jsx","statementMap":{"0":{"start":{"line":4,"column":12},"end":{"line":13,"column":1}},"1":{"start":{"line":6,"column":17},"end":{"line":6,"column":18}},"2":{"start":{"line":8,"column":2},"end":{"line":12,"column":4}}},"fnMap":{"0":{"name":"(anonymous_0)","decl":{"start":{"line":4,"column":12},"end":{"line":4,"column":13}},"loc":{"start":{"line":4,"column":18},"end":{"line":13,"column":1}},"line":4}},"branchMap":{},"s":{"0":0,"1":0,"2":0},"f":{"0":0},"b":{}}
,"/home/project/src/app.js": {"path":"/home/project/src/app.js","statementMap":{"0":{"start":{"line":1,"column":16},"end":{"line":1,"column":34}},"1":{"start":{"line":2,"column":13},"end":{"line":2,"column":28}},"2":{"start":{"line":3,"column":0},"end":{"line":3,"column":27}},"3":{"start":{"line":6,"column":22},"end":{"line":6,"column":49}},"4":{"start":{"line":7,"column":20},"end":{"line":7,"column":46}},"5":{"start":{"line":8,"column":24},"end":{"line":8,"column":53}},"6":{"start":{"line":11,"column":12},"end":{"line":11,"column":21}},"7":{"start":{"line":14,"column":0},"end":{"line":14,"column":24}},"8":{"start":{"line":15,"column":0},"end":{"line":15,"column":48}},"9":{"start":{"line":18,"column":0},"end":{"line":18,"column":38}},"10":{"start":{"line":19,"column":0},"end":{"line":19,"column":36}},"11":{"start":{"line":20,"column":0},"end":{"line":20,"column":43}},"12":{"start":{"line":23,"column":0},"end":{"line":29,"column":3}},"13":{"start":{"line":24,"column":2},"end":{"line":24,"column":27}},"14":{"start":{"line":25,"column":2},"end":{"line":28,"column":5}},"15":{"start":{"line":31,"column":0},"end":{"line":31,"column":21}}},"fnMap":{"0":{"name":"(anonymous_0)","decl":{"start":{"line":23,"column":8},"end":{"line":23,"column":9}},"loc":{"start":{"line":23,"column":33},"end":{"line":29,"column":1}},"line":23}},"branchMap":{},"s":{"0":0,"1":0,"2":0,"3":0,"4":0,"5":0,"6":0,"7":0,"8":0,"9":0,"10":0,"11":0,"12":0,"13":0,"14":0,"15":0},"f":{"0":0},"b":{}}
,"/home/project/src/config.js": {"path":"/home/project/src/config.js","statementMap":{"0":{"start":{"line":1,"column":22},"end":{"line":34,"column":1}}},"fnMap":{},"branchMap":{},"s":{"0":0},"f":{},"b":{}}
,"/home/project/src/main.jsx": {"path":"/home/project/src/main.jsx","statementMap":{"0":{"start":{"line":8,"column":20},"end":{"line":15,"column":2}},"1":{"start":{"line":17,"column":0},"end":{"line":24,"column":2}}},"fnMap":{},"branchMap":{},"s":{"0":0,"1":0},"f":{},"b":{}}
,"/home/project/src/metrics.js": {"path":"/home/project/src/metrics.js","statementMap":{"0":{"start":{"line":2,"column":20},"end":{"line":62,"column":1}},"1":{"start":{"line":65,"column":0},"end":{"line":65,"column":78}},"2":{"start":{"line":65,"column":45},"end":{"line":65,"column":76}},"3":{"start":{"line":67,"column":0},"end":{"line":73,"column":2}}},"fnMap":{"0":{"name":"(anonymous_0)","decl":{"start":{"line":65,"column":35},"end":{"line":65,"column":36}},"loc":{"start":{"line":65,"column":45},"end":{"line":65,"column":76}},"line":65}},"branchMap":{},"s":{"0":0,"1":0,"2":0,"3":0},"f":{"0":0},"b":{}}
,"/home/project/src/server.js": {"path":"/home/project/src/server.js","statementMap":{"0":{"start":{"line":14,"column":12},"end":{"line":14,"column":21}},"1":{"start":{"line":15,"column":15},"end":{"line":15,"column":32}},"2":{"start":{"line":16,"column":12},"end":{"line":16,"column":43}},"3":{"start":{"line":19,"column":0},"end":{"line":19,"column":18}},"4":{"start":{"line":20,"column":0},"end":{"line":23,"column":4}},"5":{"start":{"line":24,"column":0},"end":{"line":24,"column":23}},"6":{"start":{"line":27,"column":16},"end":{"line":30,"column":2}},"7":{"start":{"line":31,"column":0},"end":{"line":31,"column":26}},"8":{"start":{"line":34,"column":0},"end":{"line":34,"column":24}},"9":{"start":{"line":35,"column":0},"end":{"line":35,"column":48}},"10":{"start":{"line":38,"column":0},"end":{"line":38,"column":38}},"11":{"start":{"line":39,"column":0},"end":{"line":39,"column":36}},"12":{"start":{"line":40,"column":0},"end":{"line":40,"column":43}},"13":{"start":{"line":43,"column":0},"end":{"line":61,"column":3}},"14":{"start":{"line":44,"column":2},"end":{"line":44,"column":34}},"15":{"start":{"line":46,"column":20},"end":{"line":50,"column":49}},"16":{"start":{"line":47,"column":4},"end":{"line":49,"column":5}},"17":{"start":{"line":48,"column":6},"end":{"line":48,"column":20}},"18":{"start":{"line":52,"column":2},"end":{"line":55,"column":5}},"19":{"start":{"line":53,"column":4},"end":{"line":53,"column":29}},"20":{"start":{"line":54,"column":4},"end":{"line":54,"column":39}},"21":{"start":{"line":57,"column":2},"end":{"line":60,"column":5}},"22":{"start":{"line":58,"column":4},"end":{"line":58,"column":45}},"23":{"start":{"line":59,"column":4},"end":{"line":59,"column":27}},"24":{"start":{"line":64,"column":0},"end":{"line":68,"column":3}},"25":{"start":{"line":65,"column":2},"end":{"line":65,"column":27}},"26":{"start":{"line":66,"column":2},"end":{"line":66,"column":41}},"27":{"start":{"line":67,"column":2},"end":{"line":67,"column":59}},"28":{"start":{"line":70,"column":13},"end":{"line":70,"column":37}},"29":{"start":{"line":71,"column":0},"end":{"line":73,"column":3}},"30":{"start":{"line":72,"column":2},"end":{"line":72,"column":48}}},"fnMap":{"0":{"name":"(anonymous_0)","decl":{"start":{"line":43,"column":21},"end":{"line":43,"column":22}},"loc":{"start":{"line":43,"column":31},"end":{"line":61,"column":1}},"line":43},"1":{"name":"(anonymous_1)","decl":{"start":{"line":46,"column":32},"end":{"line":46,"column":33}},"loc":{"start":{"line":46,"column":38},"end":{"line":50,"column":3}},"line":46},"2":{"name":"(anonymous_2)","decl":{"start":{"line":52,"column":21},"end":{"line":52,"column":22}},"loc":{"start":{"line":52,"column":27},"end":{"line":55,"column":3}},"line":52},"3":{"name":"(anonymous_3)","decl":{"start":{"line":57,"column":21},"end":{"line":57,"column":22}},"loc":{"start":{"line":57,"column":30},"end":{"line":60,"column":3}},"line":57},"4":{"name":"(anonymous_4)","decl":{"start":{"line":64,"column":8},"end":{"line":64,"column":9}},"loc":{"start":{"line":64,"column":33},"end":{"line":68,"column":1}},"line":64},"5":{"name":"(anonymous_5)","decl":{"start":{"line":71,"column":20},"end":{"line":71,"column":21}},"loc":{"start":{"line":71,"column":26},"end":{"line":73,"column":1}},"line":71}},"branchMap":{"0":{"loc":{"start":{"line":47,"column":4},"end":{"line":49,"column":5}},"type":"if","locations":[{"start":{"line":47,"column":4},"end":{"line":49,"column":5}},{"start":{},"end":{}}],"line":47},"1":{"loc":{"start":{"line":70,"column":13},"end":{"line":70,"column":37}},"type":"binary-expr","locations":[{"start":{"line":70,"column":13},"end":{"line":70,"column":29}},{"start":{"line":70,"column":33},"end":{"line":70,"column":37}}],"line":70}},"s":{"0":0,"1":0,"2":0,"3":0,"4":0,"5":0,"6":0,"7":0,"8":0,"9":0,"10":0,"11":0,"12":0,"13":0,"14":0,"15":0,"16":0,"17":0,"18":0,"19":0,"20":0,"21":0,"22":0,"23":0,"24":0,"25":0,"26":0,"27":0,"28":0,"29":0,"30":0},"f":{"0":0,"1":0,"2":0,"3":0,"4":0,"5":0},"b":{"0":[0,0],"1":[0,0]}}
,"/home/project/src/database/init.js": {"path":"/home/project/src/database/init.js","statementMap":{"0":{"start":{"line":1,"column":16},"end":{"line":1,"column":44}},"1":{"start":{"line":2,"column":11},"end":{"line":2,"column":30}},"2":{"start":{"line":3,"column":13},"end":{"line":3,"column":28}},"3":{"start":{"line":6,"column":16},"end":{"line":6,"column":49}},"4":{"start":{"line":7,"column":20},"end":{"line":7,"column":54}},"5":{"start":{"line":10,"column":2},"end":{"line":87,"column":3}},"6":{"start":{"line":11,"column":4},"end":{"line":11,"column":55}},"7":{"start":{"line":14,"column":21},"end":{"line":14,"column":49}},"8":{"start":{"line":15,"column":4},"end":{"line":17,"column":5}},"9":{"start":{"line":16,"column":6},"end":{"line":16,"column":70}},"10":{"start":{"line":20,"column":19},"end":{"line":20,"column":57}},"11":{"start":{"line":23,"column":15},"end":{"line":27,"column":6}},"12":{"start":{"line":24,"column":6},"end":{"line":26,"column":7}},"13":{"start":{"line":25,"column":8},"end":{"line":25,"column":72}},"14":{"start":{"line":30,"column":4},"end":{"line":30,"column":39}},"15":{"start":{"line":33,"column":4},"end":{"line":68,"column":7}},"16":{"start":{"line":34,"column":6},"end":{"line":67,"column":9}},"17":{"start":{"line":35,"column":8},"end":{"line":35,"column":36}},"18":{"start":{"line":38,"column":27},"end":{"line":41,"column":42}},"19":{"start":{"line":40,"column":23},"end":{"line":40,"column":34}},"20":{"start":{"line":41,"column":26},"end":{"line":41,"column":41}},"21":{"start":{"line":44,"column":8},"end":{"line":56,"column":9}},"22":{"start":{"line":45,"column":10},"end":{"line":55,"column":13}},"23":{"start":{"line":46,"column":12},"end":{"line":54,"column":13}},"24":{"start":{"line":48,"column":14},"end":{"line":53,"column":15}},"25":{"start":{"line":49,"column":16},"end":{"line":49,"column":75}},"26":{"start":{"line":50,"column":16},"end":{"line":50,"column":35}},"27":{"start":{"line":51,"column":16},"end":{"line":51,"column":28}},"28":{"start":{"line":52,"column":16},"end":{"line":52,"column":23}},"29":{"start":{"line":58,"column":8},"end":{"line":66,"column":11}},"30":{"start":{"line":59,"column":10},"end":{"line":64,"column":11}},"31":{"start":{"line":60,"column":12},"end":{"line":60,"column":74}},"32":{"start":{"line":61,"column":12},"end":{"line":61,"column":31}},"33":{"start":{"line":62,"column":12},"end":{"line":62,"column":24}},"34":{"start":{"line":63,"column":12},"end":{"line":63,"column":19}},"35":{"start":{"line":65,"column":10},"end":{"line":65,"column":20}},"36":{"start":{"line":71,"column":4},"end":{"line":79,"column":7}},"37":{"start":{"line":72,"column":6},"end":{"line":78,"column":9}},"38":{"start":{"line":73,"column":8},"end":{"line":76,"column":9}},"39":{"start":{"line":74,"column":10},"end":{"line":74,"column":22}},"40":{"start":{"line":75,"column":10},"end":{"line":75,"column":17}},"41":{"start":{"line":77,"column":8},"end":{"line":77,"column":18}},"42":{"start":{"line":81,"column":4},"end":{"line":81,"column":67}},"43":{"start":{"line":82,"column":4},"end":{"line":82,"column":49}},"44":{"start":{"line":85,"column":4},"end":{"line":85,"column":67}},"45":{"start":{"line":86,"column":4},"end":{"line":86,"column":20}},"46":{"start":{"line":91,"column":0},"end":{"line":91,"column":21}}},"fnMap":{"0":{"name":"initializeDatabase","decl":{"start":{"line":9,"column":15},"end":{"line":9,"column":33}},"loc":{"start":{"line":9,"column":36},"end":{"line":88,"column":1}},"line":9},"1":{"name":"(anonymous_1)","decl":{"start":{"line":23,"column":45},"end":{"line":23,"column":46}},"loc":{"start":{"line":23,"column":54},"end":{"line":27,"column":5}},"line":23},"2":{"name":"(anonymous_2)","decl":{"start":{"line":33,"column":22},"end":{"line":33,"column":23}},"loc":{"start":{"line":33,"column":43},"end":{"line":68,"column":5}},"line":33},"3":{"name":"(anonymous_3)","decl":{"start":{"line":34,"column":19},"end":{"line":34,"column":20}},"loc":{"start":{"line":34,"column":25},"end":{"line":67,"column":7}},"line":34},"4":{"name":"(anonymous_4)","decl":{"start":{"line":40,"column":15},"end":{"line":40,"column":16}},"loc":{"start":{"line":40,"column":23},"end":{"line":40,"column":34}},"line":40},"5":{"name":"(anonymous_5)","decl":{"start":{"line":41,"column":18},"end":{"line":41,"column":19}},"loc":{"start":{"line":41,"column":26},"end":{"line":41,"column":41}},"line":41},"6":{"name":"(anonymous_6)","decl":{"start":{"line":45,"column":28},"end":{"line":45,"column":29}},"loc":{"start":{"line":45,"column":37},"end":{"line":55,"column":11}},"line":45},"7":{"name":"(anonymous_7)","decl":{"start":{"line":58,"column":25},"end":{"line":58,"column":26}},"loc":{"start":{"line":58,"column":34},"end":{"line":66,"column":9}},"line":58},"8":{"name":"(anonymous_8)","decl":{"start":{"line":71,"column":22},"end":{"line":71,"column":23}},"loc":{"start":{"line":71,"column":43},"end":{"line":79,"column":5}},"line":71},"9":{"name":"(anonymous_9)","decl":{"start":{"line":72,"column":15},"end":{"line":72,"column":16}},"loc":{"start":{"line":72,"column":24},"end":{"line":78,"column":7}},"line":72}},"branchMap":{"0":{"loc":{"start":{"line":15,"column":4},"end":{"line":17,"column":5}},"type":"if","locations":[{"start":{"line":15,"column":4},"end":{"line":17,"column":5}},{"start":{},"end":{}}],"line":15},"1":{"loc":{"start":{"line":24,"column":6},"end":{"line":26,"column":7}},"type":"if","locations":[{"start":{"line":24,"column":6},"end":{"line":26,"column":7}},{"start":{},"end":{}}],"line":24},"2":{"loc":{"start":{"line":46,"column":12},"end":{"line":54,"column":13}},"type":"if","locations":[{"start":{"line":46,"column":12},"end":{"line":54,"column":13}},{"start":{},"end":{}}],"line":46},"3":{"loc":{"start":{"line":48,"column":14},"end":{"line":53,"column":15}},"type":"if","locations":[{"start":{"line":48,"column":14},"end":{"line":53,"column":15}},{"start":{},"end":{}}],"line":48},"4":{"loc":{"start":{"line":59,"column":10},"end":{"line":64,"column":11}},"type":"if","locations":[{"start":{"line":59,"column":10},"end":{"line":64,"column":11}},{"start":{},"end":{}}],"line":59},"5":{"loc":{"start":{"line":73,"column":8},"end":{"line":76,"column":9}},"type":"if","locations":[{"start":{"line":73,"column":8},"end":{"line":76,"column":9}},{"start":{},"end":{}}],"line":73}},"s":{"0":0,"1":0,"2":0,"3":0,"4":0,"5":0,"6":0,"7":0,"8":0,"9":0,"10":0,"11":0,"12":0,"13":0,"14":0,"15":0,"16":0,"17":0,"18":0,"19":0,"20":0,"21":0,"22":0,"23":0,"24":0,"25":0,"26":0,"27":0,"28":0,"29":0,"30":0,"31":0,"32":0,"33":0,"34":0,"35":0,"36":0,"37":0,"38":0,"39":0,"40":0,"41":0,"42":0,"43":0,"44":0,"45":0,"46":0},"f":{"0":0,"1":0,"2":0,"3":0,"4":0,"5":0,"6":0,"7":0,"8":0,"9":0},"b":{"0":[0,0],"1":[0,0],"2":[0,0],"3":[0,0],"4":[0,0],"5":[0,0]}}
,"/home/project/src/database/seed.js": {"path":"/home/project/src/database/seed.js","statementMap":{"0":{"start":{"line":1,"column":16},"end":{"line":1,"column":44}},"1":{"start":{"line":2,"column":13},"end":{"line":2,"column":28}},"2":{"start":{"line":3,"column":15},"end":{"line":3,"column":32}},"3":{"start":{"line":6,"column":16},"end":{"line":6,"column":49}},"4":{"start":{"line":10,"column":15},"end":{"line":10,"column":53}},"5":{"start":{"line":11,"column":15},"end":{"line":11,"column":84}},"6":{"start":{"line":12,"column":2},"end":{"line":12,"column":27}},"7":{"start":{"line":16,"column":2},"end":{"line":16,"column":46}},"8":{"start":{"line":18,"column":13},"end":{"line":23,"column":4}},"9":{"start":{"line":19,"column":4},"end":{"line":22,"column":5}},"10":{"start":{"line":20,"column":6},"end":{"line":20,"column":66}},"11":{"start":{"line":21,"column":6},"end":{"line":21,"column":22}},"12":{"start":{"line":26,"column":2},"end":{"line":26,"column":37}},"13":{"start":{"line":28,"column":2},"end":{"line":159,"column":3}},"14":{"start":{"line":29,"column":4},"end":{"line":149,"column":7}},"15":{"start":{"line":30,"column":6},"end":{"line":148,"column":9}},"16":{"start":{"line":31,"column":8},"end":{"line":31,"column":36}},"17":{"start":{"line":34,"column":29},"end":{"line":34,"column":56}},"18":{"start":{"line":35,"column":8},"end":{"line":44,"column":11}},"19":{"start":{"line":39,"column":10},"end":{"line":42,"column":11}},"20":{"start":{"line":40,"column":12},"end":{"line":40,"column":63}},"21":{"start":{"line":41,"column":12},"end":{"line":41,"column":31}},"22":{"start":{"line":43,"column":10},"end":{"line":43,"column":40}},"23":{"start":{"line":47,"column":24},"end":{"line":50,"column":9}},"24":{"start":{"line":52,"column":8},"end":{"line":61,"column":11}},"25":{"start":{"line":57,"column":10},"end":{"line":60,"column":11}},"26":{"start":{"line":58,"column":12},"end":{"line":58,"column":74}},"27":{"start":{"line":59,"column":12},"end":{"line":59,"column":31}},"28":{"start":{"line":63,"column":8},"end":{"line":73,"column":11}},"29":{"start":{"line":68,"column":10},"end":{"line":71,"column":11}},"30":{"start":{"line":69,"column":12},"end":{"line":69,"column":74}},"31":{"start":{"line":70,"column":12},"end":{"line":70,"column":31}},"32":{"start":{"line":72,"column":10},"end":{"line":72,"column":51}},"33":{"start":{"line":76,"column":24},"end":{"line":79,"column":9}},"34":{"start":{"line":81,"column":8},"end":{"line":94,"column":11}},"35":{"start":{"line":82,"column":10},"end":{"line":93,"column":13}},"36":{"start":{"line":86,"column":12},"end":{"line":89,"column":13}},"37":{"start":{"line":87,"column":14},"end":{"line":87,"column":67}},"38":{"start":{"line":88,"column":14},"end":{"line":88,"column":33}},"39":{"start":{"line":90,"column":12},"end":{"line":92,"column":13}},"40":{"start":{"line":91,"column":14},"end":{"line":91,"column":46}},"41":{"start":{"line":97,"column":23},"end":{"line":100,"column":9}},"42":{"start":{"line":102,"column":8},"end":{"line":116,"column":11}},"43":{"start":{"line":103,"column":10},"end":{"line":115,"column":13}},"44":{"start":{"line":108,"column":12},"end":{"line":111,"column":13}},"45":{"start":{"line":109,"column":14},"end":{"line":109,"column":66}},"46":{"start":{"line":110,"column":14},"end":{"line":110,"column":33}},"47":{"start":{"line":112,"column":12},"end":{"line":114,"column":13}},"48":{"start":{"line":113,"column":14},"end":{"line":113,"column":45}},"49":{"start":{"line":119,"column":23},"end":{"line":122,"column":9}},"50":{"start":{"line":124,"column":8},"end":{"line":138,"column":11}},"51":{"start":{"line":125,"column":10},"end":{"line":137,"column":13}},"52":{"start":{"line":130,"column":12},"end":{"line":133,"column":13}},"53":{"start":{"line":131,"column":14},"end":{"line":131,"column":66}},"54":{"start":{"line":132,"column":14},"end":{"line":132,"column":33}},"55":{"start":{"line":134,"column":12},"end":{"line":136,"column":13}},"56":{"start":{"line":135,"column":14},"end":{"line":135,"column":45}},"57":{"start":{"line":140,"column":8},"end":{"line":147,"column":11}},"58":{"start":{"line":141,"column":10},"end":{"line":145,"column":11}},"59":{"start":{"line":142,"column":12},"end":{"line":142,"column":72}},"60":{"start":{"line":143,"column":12},"end":{"line":143,"column":31}},"61":{"start":{"line":144,"column":12},"end":{"line":144,"column":31}},"62":{"start":{"line":146,"column":10},"end":{"line":146,"column":20}},"63":{"start":{"line":151,"column":4},"end":{"line":151,"column":65}},"64":{"start":{"line":154,"column":4},"end":{"line":154,"column":61}},"65":{"start":{"line":155,"column":4},"end":{"line":155,"column":23}},"66":{"start":{"line":156,"column":4},"end":{"line":156,"column":20}},"67":{"start":{"line":158,"column":4},"end":{"line":158,"column":15}},"68":{"start":{"line":163,"column":0},"end":{"line":163,"column":15}}},"fnMap":{"0":{"name":"hashPassword","decl":{"start":{"line":9,"column":9},"end":{"line":9,"column":21}},"loc":{"start":{"line":9,"column":32},"end":{"line":13,"column":1}},"line":9},"1":{"name":"seedDatabase","decl":{"start":{"line":15,"column":15},"end":{"line":15,"column":27}},"loc":{"start":{"line":15,"column":30},"end":{"line":160,"column":1}},"line":15},"2":{"name":"(anonymous_2)","decl":{"start":{"line":18,"column":43},"end":{"line":18,"column":44}},"loc":{"start":{"line":18,"column":52},"end":{"line":23,"column":3}},"line":18},"3":{"name":"(anonymous_3)","decl":{"start":{"line":29,"column":22},"end":{"line":29,"column":23}},"loc":{"start":{"line":29,"column":43},"end":{"line":149,"column":5}},"line":29},"4":{"name":"(anonymous_4)","decl":{"start":{"line":30,"column":19},"end":{"line":30,"column":20}},"loc":{"start":{"line":30,"column":25},"end":{"line":148,"column":7}},"line":30},"5":{"name":"(anonymous_5)","decl":{"start":{"line":38,"column":62},"end":{"line":38,"column":63}},"loc":{"start":{"line":38,"column":76},"end":{"line":44,"column":9}},"line":38},"6":{"name":"(anonymous_6)","decl":{"start":{"line":56,"column":23},"end":{"line":56,"column":24}},"loc":{"start":{"line":56,"column":37},"end":{"line":61,"column":9}},"line":56},"7":{"name":"(anonymous_7)","decl":{"start":{"line":67,"column":23},"end":{"line":67,"column":24}},"loc":{"start":{"line":67,"column":37},"end":{"line":73,"column":9}},"line":67},"8":{"name":"(anonymous_8)","decl":{"start":{"line":81,"column":24},"end":{"line":81,"column":25}},"loc":{"start":{"line":81,"column":43},"end":{"line":94,"column":9}},"line":81},"9":{"name":"(anonymous_9)","decl":{"start":{"line":85,"column":21},"end":{"line":85,"column":22}},"loc":{"start":{"line":85,"column":35},"end":{"line":93,"column":11}},"line":85},"10":{"name":"(anonymous_10)","decl":{"start":{"line":102,"column":23},"end":{"line":102,"column":24}},"loc":{"start":{"line":102,"column":41},"end":{"line":116,"column":9}},"line":102},"11":{"name":"(anonymous_11)","decl":{"start":{"line":107,"column":20},"end":{"line":107,"column":21}},"loc":{"start":{"line":107,"column":34},"end":{"line":115,"column":11}},"line":107},"12":{"name":"(anonymous_12)","decl":{"start":{"line":124,"column":23},"end":{"line":124,"column":24}},"loc":{"start":{"line":124,"column":41},"end":{"line":138,"column":9}},"line":124},"13":{"name":"(anonymous_13)","decl":{"start":{"line":129,"column":20},"end":{"line":129,"column":21}},"loc":{"start":{"line":129,"column":34},"end":{"line":137,"column":11}},"line":129},"14":{"name":"(anonymous_14)","decl":{"start":{"line":140,"column":25},"end":{"line":140,"column":26}},"loc":{"start":{"line":140,"column":34},"end":{"line":147,"column":9}},"line":140}},"branchMap":{"0":{"loc":{"start":{"line":19,"column":4},"end":{"line":22,"column":5}},"type":"if","locations":[{"start":{"line":19,"column":4},"end":{"line":22,"column":5}},{"start":{},"end":{}}],"line":19},"1":{"loc":{"start":{"line":39,"column":10},"end":{"line":42,"column":11}},"type":"if","locations":[{"start":{"line":39,"column":10},"end":{"line":42,"column":11}},{"start":{},"end":{}}],"line":39},"2":{"loc":{"start":{"line":57,"column":10},"end":{"line":60,"column":11}},"type":"if","locations":[{"start":{"line":57,"column":10},"end":{"line":60,"column":11}},{"start":{},"end":{}}],"line":57},"3":{"loc":{"start":{"line":68,"column":10},"end":{"line":71,"column":11}},"type":"if","locations":[{"start":{"line":68,"column":10},"end":{"line":71,"column":11}},{"start":{},"end":{}}],"line":68},"4":{"loc":{"start":{"line":86,"column":12},"end":{"line":89,"column":13}},"type":"if","locations":[{"start":{"line":86,"column":12},"end":{"line":89,"column":13}},{"start":{},"end":{}}],"line":86},"5":{"loc":{"start":{"line":90,"column":12},"end":{"line":92,"column":13}},"type":"if","locations":[{"start":{"line":90,"column":12},"end":{"line":92,"column":13}},{"start":{},"end":{}}],"line":90},"6":{"loc":{"start":{"line":108,"column":12},"end":{"line":111,"column":13}},"type":"if","locations":[{"start":{"line":108,"column":12},"end":{"line":111,"column":13}},{"start":{},"end":{}}],"line":108},"7":{"loc":{"start":{"line":112,"column":12},"end":{"line":114,"column":13}},"type":"if","locations":[{"start":{"line":112,"column":12},"end":{"line":114,"column":13}},{"start":{},"end":{}}],"line":112},"8":{"loc":{"start":{"line":130,"column":12},"end":{"line":133,"column":13}},"type":"if","locations":[{"start":{"line":130,"column":12},"end":{"line":133,"column":13}},{"start":{},"end":{}}],"line":130},"9":{"loc":{"start":{"line":134,"column":12},"end":{"line":136,"column":13}},"type":"if","locations":[{"start":{"line":134,"column":12},"end":{"line":136,"column":13}},{"start":{},"end":{}}],"line":134},"10":{"loc":{"start":{"line":141,"column":10},"end":{"line":145,"column":11}},"type":"if","locations":[{"start":{"line":141,"column":10},"end":{"line":145,"column":11}},{"start":{},"end":{}}],"line":141}},"s":{"0":0,"1":0,"2":0,"3":0,"4":0,"5":0,"6":0,"7":0,"8":0,"9":0,"10":0,"11":0,"12":0,"13":0,"14":0,"15":0,"16":0,"17":0,"18":0,"19":0,"20":0,"21":0,"22":0,"23":0,"24":0,"25":0,"26":0,"27":0,"28":0,"29":0,"30":0,"31":0,"32":0,"33":0,"34":0,"35":0,"36":0,"37":0,"38":0,"39":0,"40":0,"41":0,"42":0,"43":0,"44":0,"45":0,"46":0,"47":0,"48":0,"49":0,"50":0,"51":0,"52":0,"53":0,"54":0,"55":0,"56":0,"57":0,"58":0,"59":0,"60":0,"61":0,"62":0,"63":0,"64":0,"65":0,"66":0,"67":0,"68":0},"f":{"0":0,"1":0,"2":0,"3":0,"4":0,"5":0,"6":0,"7":0,"8":0,"9":0,"10":0,"11":0,"12":0,"13":0,"14":0},"b":{"0":[0,0],"1":[0,0],"2":[0,0],"3":[0,0],"4":[0,0],"5":[0,0],"6":[0,0],"7":[0,0],"8":[0,0],"9":[0,0],"10":[0,0]}}
,"/home/project/src/database/verifySeed.js": {"path":"/home/project/src/database/verifySeed.js","statementMap":{"0":{"start":{"line":1,"column":16},"end":{"line":1,"column":44}},"1":{"start":{"line":2,"column":13},"end":{"line":2,"column":28}},"2":{"start":{"line":5,"column":16},"end":{"line":5,"column":49}},"3":{"start":{"line":8,"column":2},"end":{"line":8,"column":44}},"4":{"start":{"line":10,"column":13},"end":{"line":15,"column":4}},"5":{"start":{"line":11,"column":4},"end":{"line":14,"column":5}},"6":{"start":{"line":12,"column":6},"end":{"line":12,"column":66}},"7":{"start":{"line":13,"column":6},"end":{"line":13,"column":22}},"8":{"start":{"line":17,"column":17},"end":{"line":17,"column":77}},"9":{"start":{"line":19,"column":2},"end":{"line":64,"column":3}},"10":{"start":{"line":20,"column":4},"end":{"line":57,"column":5}},"11":{"start":{"line":21,"column":6},"end":{"line":56,"column":9}},"12":{"start":{"line":23,"column":8},"end":{"line":55,"column":11}},"13":{"start":{"line":24,"column":10},"end":{"line":27,"column":11}},"14":{"start":{"line":25,"column":12},"end":{"line":25,"column":24}},"15":{"start":{"line":26,"column":12},"end":{"line":26,"column":19}},"16":{"start":{"line":30,"column":10},"end":{"line":54,"column":13}},"17":{"start":{"line":31,"column":12},"end":{"line":34,"column":13}},"18":{"start":{"line":32,"column":14},"end":{"line":32,"column":26}},"19":{"start":{"line":33,"column":14},"end":{"line":33,"column":21}},"20":{"start":{"line":36,"column":12},"end":{"line":36,"column":55}},"21":{"start":{"line":37,"column":12},"end":{"line":37,"column":52}},"22":{"start":{"line":39,"column":12},"end":{"line":51,"column":13}},"23":{"start":{"line":40,"column":14},"end":{"line":40,"column":68}},"24":{"start":{"line":42,"column":14},"end":{"line":42,"column":64}},"25":{"start":{"line":43,"column":14},"end":{"line":43,"column":45}},"26":{"start":{"line":46,"column":36},"end":{"line":48,"column":27}},"27":{"start":{"line":47,"column":39},"end":{"line":47,"column":59}},"28":{"start":{"line":50,"column":14},"end":{"line":50,"column":41}},"29":{"start":{"line":53,"column":12},"end":{"line":53,"column":22}},"30":{"start":{"line":59,"column":4},"end":{"line":59,"column":47}},"31":{"start":{"line":61,"column":4},"end":{"line":61,"column":63}},"32":{"start":{"line":63,"column":4},"end":{"line":63,"column":15}},"33":{"start":{"line":68,"column":0},"end":{"line":68,"column":19}}},"fnMap":{"0":{"name":"verifySeededData","decl":{"start":{"line":7,"column":15},"end":{"line":7,"column":31}},"loc":{"start":{"line":7,"column":34},"end":{"line":65,"column":1}},"line":7},"1":{"name":"(anonymous_1)","decl":{"start":{"line":10,"column":43},"end":{"line":10,"column":44}},"loc":{"start":{"line":10,"column":52},"end":{"line":15,"column":3}},"line":10},"2":{"name":"(anonymous_2)","decl":{"start":{"line":21,"column":24},"end":{"line":21,"column":25}},"loc":{"start":{"line":21,"column":45},"end":{"line":56,"column":7}},"line":21},"3":{"name":"(anonymous_3)","decl":{"start":{"line":23,"column":57},"end":{"line":23,"column":58}},"loc":{"start":{"line":23,"column":76},"end":{"line":55,"column":9}},"line":23},"4":{"name":"(anonymous_4)","decl":{"start":{"line":30,"column":51},"end":{"line":30,"column":52}},"loc":{"start":{"line":30,"column":69},"end":{"line":54,"column":11}},"line":30},"5":{"name":"(anonymous_5)","decl":{"start":{"line":47,"column":21},"end":{"line":47,"column":22}},"loc":{"start":{"line":47,"column":39},"end":{"line":47,"column":59}},"line":47}},"branchMap":{"0":{"loc":{"start":{"line":11,"column":4},"end":{"line":14,"column":5}},"type":"if","locations":[{"start":{"line":11,"column":4},"end":{"line":14,"column":5}},{"start":{},"end":{}}],"line":11},"1":{"loc":{"start":{"line":24,"column":10},"end":{"line":27,"column":11}},"type":"if","locations":[{"start":{"line":24,"column":10},"end":{"line":27,"column":11}},{"start":{},"end":{}}],"line":24},"2":{"loc":{"start":{"line":31,"column":12},"end":{"line":34,"column":13}},"type":"if","locations":[{"start":{"line":31,"column":12},"end":{"line":34,"column":13}},{"start":{},"end":{}}],"line":31},"3":{"loc":{"start":{"line":39,"column":12},"end":{"line":51,"column":13}},"type":"if","locations":[{"start":{"line":39,"column":12},"end":{"line":51,"column":13}},{"start":{"line":41,"column":19},"end":{"line":51,"column":13}}],"line":39}},"s":{"0":0,"1":0,"2":0,"3":0,"4":0,"5":0,"6":0,"7":0,"8":0,"9":0,"10":0,"11":0,"12":0,"13":0,"14":0,"15":0,"16":0,"17":0,"18":0,"19":0,"20":0,"21":0,"22":0,"23":0,"24":0,"25":0,"26":0,"27":0,"28":0,"29":0,"30":0,"31":0,"32":0,"33":0},"f":{"0":0,"1":0,"2":0,"3":0,"4":0,"5":0},"b":{"0":[0,0],"1":[0,0],"2":[0,0],"3":[0,0]}}
,"/home/project/src/frontend/api/notificationsApi.js": {"path":"/home/project/src/frontend/api/notificationsApi.js","statementMap":{"0":{"start":{"line":3,"column":17},"end":{"line":3,"column":37}},"1":{"start":{"line":5,"column":34},"end":{"line":15,"column":1}},"2":{"start":{"line":6,"column":2},"end":{"line":14,"column":3}},"3":{"start":{"line":7,"column":21},"end":{"line":7,"column":87}},"4":{"start":{"line":8,"column":4},"end":{"line":8,"column":30}},"5":{"start":{"line":10,"column":4},"end":{"line":12,"column":5}},"6":{"start":{"line":11,"column":6},"end":{"line":11,"column":70}},"7":{"start":{"line":13,"column":4},"end":{"line":13,"column":53}},"8":{"start":{"line":17,"column":26},"end":{"line":24,"column":1}},"9":{"start":{"line":18,"column":2},"end":{"line":23,"column":3}},"10":{"start":{"line":19,"column":21},"end":{"line":19,"column":76}},"11":{"start":{"line":20,"column":4},"end":{"line":20,"column":33}},"12":{"start":{"line":22,"column":4},"end":{"line":22,"column":59}},"13":{"start":{"line":26,"column":34},"end":{"line":33,"column":1}},"14":{"start":{"line":27,"column":2},"end":{"line":32,"column":3}},"15":{"start":{"line":28,"column":21},"end":{"line":28,"column":70}},"16":{"start":{"line":29,"column":4},"end":{"line":29,"column":33}},"17":{"start":{"line":31,"column":4},"end":{"line":31,"column":53}},"18":{"start":{"line":35,"column":37},"end":{"line":74,"column":1}},"19":{"start":{"line":36,"column":27},"end":{"line":43,"column":3}},"20":{"start":{"line":45,"column":2},"end":{"line":73,"column":3}},"21":{"start":{"line":47,"column":6},"end":{"line":52,"column":8}},"22":{"start":{"line":54,"column":6},"end":{"line":59,"column":8}},"23":{"start":{"line":61,"column":6},"end":{"line":66,"column":8}},"24":{"start":{"line":68,"column":6},"end":{"line":72,"column":8}}},"fnMap":{"0":{"name":"(anonymous_0)","decl":{"start":{"line":5,"column":34},"end":{"line":5,"column":35}},"loc":{"start":{"line":5,"column":66},"end":{"line":15,"column":1}},"line":5},"1":{"name":"(anonymous_1)","decl":{"start":{"line":17,"column":26},"end":{"line":17,"column":27}},"loc":{"start":{"line":17,"column":52},"end":{"line":24,"column":1}},"line":17},"2":{"name":"(anonymous_2)","decl":{"start":{"line":26,"column":34},"end":{"line":26,"column":35}},"loc":{"start":{"line":26,"column":52},"end":{"line":33,"column":1}},"line":26},"3":{"name":"(anonymous_3)","decl":{"start":{"line":35,"column":37},"end":{"line":35,"column":38}},"loc":{"start":{"line":35,"column":55},"end":{"line":74,"column":1}},"line":35}},"branchMap":{"0":{"loc":{"start":{"line":5,"column":49},"end":{"line":5,"column":61}},"type":"default-arg","locations":[{"start":{"line":5,"column":59},"end":{"line":5,"column":61}}],"line":5},"1":{"loc":{"start":{"line":10,"column":4},"end":{"line":12,"column":5}},"type":"if","locations":[{"start":{"line":10,"column":4},"end":{"line":12,"column":5}},{"start":{},"end":{}}],"line":10},"2":{"loc":{"start":{"line":45,"column":2},"end":{"line":73,"column":3}},"type":"switch","locations":[{"start":{"line":46,"column":4},"end":{"line":52,"column":8}},{"start":{"line":53,"column":4},"end":{"line":59,"column":8}},{"start":{"line":60,"column":4},"end":{"line":66,"column":8}},{"start":{"line":67,"column":4},"end":{"line":72,"column":8}}],"line":45}},"s":{"0":0,"1":0,"2":0,"3":0,"4":0,"5":0,"6":0,"7":0,"8":0,"9":0,"10":0,"11":0,"12":0,"13":0,"14":0,"15":0,"16":0,"17":0,"18":0,"19":0,"20":0,"21":0,"22":0,"23":0,"24":0},"f":{"0":0,"1":0,"2":0,"3":0},"b":{"0":[0],"1":[0,0],"2":[0,0,0,0]}}
,"/home/project/src/frontend/api/portfolioApi.js": {"path":"/home/project/src/frontend/api/portfolioApi.js","statementMap":{"0":{"start":{"line":3,"column":17},"end":{"line":3,"column":33}},"1":{"start":{"line":5,"column":34},"end":{"line":17,"column":1}},"2":{"start":{"line":6,"column":2},"end":{"line":16,"column":3}},"3":{"start":{"line":7,"column":21},"end":{"line":9,"column":6}},"4":{"start":{"line":10,"column":4},"end":{"line":10,"column":30}},"5":{"start":{"line":12,"column":4},"end":{"line":14,"column":5}},"6":{"start":{"line":13,"column":6},"end":{"line":13,"column":70}},"7":{"start":{"line":15,"column":4},"end":{"line":15,"column":54}},"8":{"start":{"line":19,"column":38},"end":{"line":56,"column":1}},"9":{"start":{"line":20,"column":2},"end":{"line":55,"column":4}},"10":{"start":{"line":35,"column":60},"end":{"line":38,"column":7}}},"fnMap":{"0":{"name":"(anonymous_0)","decl":{"start":{"line":5,"column":34},"end":{"line":5,"column":35}},"loc":{"start":{"line":5,"column":71},"end":{"line":17,"column":1}},"line":5},"1":{"name":"(anonymous_1)","decl":{"start":{"line":19,"column":38},"end":{"line":19,"column":39}},"loc":{"start":{"line":19,"column":48},"end":{"line":56,"column":1}},"line":19},"2":{"name":"(anonymous_2)","decl":{"start":{"line":35,"column":48},"end":{"line":35,"column":49}},"loc":{"start":{"line":35,"column":60},"end":{"line":38,"column":7}},"line":35}},"branchMap":{"0":{"loc":{"start":{"line":5,"column":49},"end":{"line":5,"column":66}},"type":"default-arg","locations":[{"start":{"line":5,"column":61},"end":{"line":5,"column":66}}],"line":5},"1":{"loc":{"start":{"line":12,"column":4},"end":{"line":14,"column":5}},"type":"if","locations":[{"start":{"line":12,"column":4},"end":{"line":14,"column":5}},{"start":{},"end":{}}],"line":12}},"s":{"0":0,"1":0,"2":0,"3":0,"4":0,"5":0,"6":0,"7":0,"8":0,"9":0,"10":0},"f":{"0":0,"1":0,"2":0},"b":{"0":[0],"1":[0,0]}}
,"/home/project/src/frontend/api/reinvestmentApi.js": {"path":"/home/project/src/frontend/api/reinvestmentApi.js","statementMap":{"0":{"start":{"line":3,"column":17},"end":{"line":3,"column":36}},"1":{"start":{"line":5,"column":29},"end":{"line":12,"column":1}},"2":{"start":{"line":6,"column":2},"end":{"line":11,"column":3}},"3":{"start":{"line":7,"column":21},"end":{"line":7,"column":70}},"4":{"start":{"line":8,"column":4},"end":{"line":8,"column":30}},"5":{"start":{"line":10,"column":4},"end":{"line":10,"column":61}},"6":{"start":{"line":14,"column":30},"end":{"line":21,"column":1}},"7":{"start":{"line":15,"column":2},"end":{"line":20,"column":3}},"8":{"start":{"line":16,"column":21},"end":{"line":16,"column":80}},"9":{"start":{"line":17,"column":4},"end":{"line":17,"column":33}},"10":{"start":{"line":19,"column":4},"end":{"line":19,"column":62}},"11":{"start":{"line":23,"column":38},"end":{"line":30,"column":1}},"12":{"start":{"line":24,"column":2},"end":{"line":29,"column":3}},"13":{"start":{"line":25,"column":21},"end":{"line":25,"column":90}},"14":{"start":{"line":26,"column":4},"end":{"line":26,"column":30}},"15":{"start":{"line":28,"column":4},"end":{"line":28,"column":60}}},"fnMap":{"0":{"name":"(anonymous_0)","decl":{"start":{"line":5,"column":29},"end":{"line":5,"column":30}},"loc":{"start":{"line":5,"column":47},"end":{"line":12,"column":1}},"line":5},"1":{"name":"(anonymous_1)","decl":{"start":{"line":14,"column":30},"end":{"line":14,"column":31}},"loc":{"start":{"line":14,"column":58},"end":{"line":21,"column":1}},"line":14},"2":{"name":"(anonymous_2)","decl":{"start":{"line":23,"column":38},"end":{"line":23,"column":39}},"loc":{"start":{"line":23,"column":70},"end":{"line":30,"column":1}},"line":23}},"branchMap":{"0":{"loc":{"start":{"line":23,"column":53},"end":{"line":23,"column":65}},"type":"default-arg","locations":[{"start":{"line":23,"column":63},"end":{"line":23,"column":65}}],"line":23}},"s":{"0":0,"1":0,"2":0,"3":0,"4":0,"5":0,"6":0,"7":0,"8":0,"9":0,"10":0,"11":0,"12":0,"13":0,"14":0,"15":0},"f":{"0":0,"1":0,"2":0},"b":{"0":[0]}}
,"/home/project/src/frontend/components/Analytics/RealTimeAnalytics.jsx": {"path":"/home/project/src/frontend/components/Analytics/RealTimeAnalytics.jsx","statementMap":{"0":{"start":{"line":5,"column":19},"end":{"line":30,"column":1}},"1":{"start":{"line":6,"column":2},"end":{"line":29,"column":15}},"2":{"start":{"line":32,"column":20},"end":{"line":41,"column":1}},"3":{"start":{"line":33,"column":2},"end":{"line":40,"column":8}},"4":{"start":{"line":43,"column":26},"end":{"line":123,"column":1}},"5":{"start":{"line":44,"column":18},"end":{"line":44,"column":38}},"6":{"start":{"line":46,"column":2},"end":{"line":122,"column":4}},"7":{"start":{"line":58,"column":12},"end":{"line":61,"column":18}},"8":{"start":{"line":72,"column":12},"end":{"line":75,"column":18}},"9":{"start":{"line":84,"column":12},"end":{"line":87,"column":18}}},"fnMap":{"0":{"name":"(anonymous_0)","decl":{"start":{"line":5,"column":19},"end":{"line":5,"column":20}},"loc":{"start":{"line":6,"column":2},"end":{"line":29,"column":15}},"line":6},"1":{"name":"(anonymous_1)","decl":{"start":{"line":32,"column":20},"end":{"line":32,"column":21}},"loc":{"start":{"line":33,"column":2},"end":{"line":40,"column":8}},"line":33},"2":{"name":"(anonymous_2)","decl":{"start":{"line":43,"column":26},"end":{"line":43,"column":27}},"loc":{"start":{"line":43,"column":32},"end":{"line":123,"column":1}},"line":43},"3":{"name":"(anonymous_3)","decl":{"start":{"line":57,"column":16},"end":{"line":57,"column":17}},"loc":{"start":{"line":58,"column":12},"end":{"line":61,"column":18}},"line":58},"4":{"name":"(anonymous_4)","decl":{"start":{"line":71,"column":16},"end":{"line":71,"column":17}},"loc":{"start":{"line":72,"column":12},"end":{"line":75,"column":18}},"line":72},"5":{"name":"(anonymous_5)","decl":{"start":{"line":83,"column":16},"end":{"line":83,"column":17}},"loc":{"start":{"line":84,"column":12},"end":{"line":87,"column":18}},"line":84}},"branchMap":{"0":{"loc":{"start":{"line":21,"column":7},"end":{"line":27,"column":7}},"type":"binary-expr","locations":[{"start":{"line":21,"column":7},"end":{"line":21,"column":12}},{"start":{"line":22,"column":8},"end":{"line":26,"column":15}}],"line":21},"1":{"loc":{"start":{"line":23,"column":10},"end":{"line":23,"column":61}},"type":"cond-expr","locations":[{"start":{"line":23,"column":22},"end":{"line":23,"column":41}},{"start":{"line":23,"column":44},"end":{"line":23,"column":61}}],"line":23},"2":{"loc":{"start":{"line":25,"column":11},"end":{"line":25,"column":32}},"type":"cond-expr","locations":[{"start":{"line":25,"column":23},"end":{"line":25,"column":26}},{"start":{"line":25,"column":29},"end":{"line":25,"column":32}}],"line":25},"3":{"loc":{"start":{"line":32,"column":35},"end":{"line":32,"column":57}},"type":"default-arg","locations":[{"start":{"line":32,"column":43},"end":{"line":32,"column":57}}],"line":32},"4":{"loc":{"start":{"line":117,"column":19},"end":{"line":117,"column":78}},"type":"cond-expr","locations":[{"start":{"line":117,"column":47},"end":{"line":117,"column":61}},{"start":{"line":117,"column":64},"end":{"line":117,"column":78}}],"line":117}},"s":{"0":0,"1":0,"2":0,"3":0,"4":0,"5":0,"6":0,"7":0,"8":0,"9":0},"f":{"0":0,"1":0,"2":0,"3":0,"4":0,"5":0},"b":{"0":[0,0],"1":[0,0],"2":[0,0],"3":[0],"4":[0,0]}}
,"/home/project/src/frontend/components/Notifications/NotificationPanel.jsx": {"path":"/home/project/src/frontend/components/Notifications/NotificationPanel.jsx","statementMap":{"0":{"start":{"line":5,"column":25},"end":{"line":52,"column":1}},"1":{"start":{"line":6,"column":24},"end":{"line":15,"column":3}},"2":{"start":{"line":7,"column":4},"end":{"line":14,"column":5}},"3":{"start":{"line":9,"column":8},"end":{"line":9,"column":55}},"4":{"start":{"line":11,"column":8},"end":{"line":11,"column":51}},"5":{"start":{"line":13,"column":8},"end":{"line":13,"column":55}},"6":{"start":{"line":17,"column":2},"end":{"line":51,"column":4}},"7":{"start":{"line":40,"column":27},"end":{"line":40,"column":53}},"8":{"start":{"line":54,"column":21},"end":{"line":66,"column":1}},"9":{"start":{"line":55,"column":2},"end":{"line":65,"column":11}},"10":{"start":{"line":68,"column":26},"end":{"line":166,"column":1}},"11":{"start":{"line":76,"column":6},"end":{"line":76,"column":24}},"12":{"start":{"line":78,"column":38},"end":{"line":78,"column":50}},"13":{"start":{"line":80,"column":32},"end":{"line":83,"column":3}},"14":{"start":{"line":81,"column":4},"end":{"line":82,"column":62}},"15":{"start":{"line":85,"column":2},"end":{"line":165,"column":4}},"16":{"start":{"line":113,"column":27},"end":{"line":113,"column":56}},"17":{"start":{"line":125,"column":25},"end":{"line":125,"column":71}},"18":{"start":{"line":125,"column":45},"end":{"line":125,"column":69}},"19":{"start":{"line":130,"column":25},"end":{"line":130,"column":73}},"20":{"start":{"line":130,"column":45},"end":{"line":130,"column":71}},"21":{"start":{"line":135,"column":25},"end":{"line":135,"column":73}},"22":{"start":{"line":135,"column":45},"end":{"line":135,"column":71}},"23":{"start":{"line":140,"column":25},"end":{"line":140,"column":73}},"24":{"start":{"line":140,"column":45},"end":{"line":140,"column":71}},"25":{"start":{"line":148,"column":12},"end":{"line":152,"column":14}}},"fnMap":{"0":{"name":"(anonymous_0)","decl":{"start":{"line":5,"column":25},"end":{"line":5,"column":26}},"loc":{"start":{"line":5,"column":58},"end":{"line":52,"column":1}},"line":5},"1":{"name":"(anonymous_1)","decl":{"start":{"line":6,"column":24},"end":{"line":6,"column":25}},"loc":{"start":{"line":6,"column":30},"end":{"line":15,"column":3}},"line":6},"2":{"name":"(anonymous_2)","decl":{"start":{"line":40,"column":21},"end":{"line":40,"column":22}},"loc":{"start":{"line":40,"column":27},"end":{"line":40,"column":53}},"line":40},"3":{"name":"(anonymous_3)","decl":{"start":{"line":54,"column":21},"end":{"line":54,"column":22}},"loc":{"start":{"line":55,"column":2},"end":{"line":65,"column":11}},"line":55},"4":{"name":"(anonymous_4)","decl":{"start":{"line":68,"column":26},"end":{"line":68,"column":27}},"loc":{"start":{"line":68,"column":32},"end":{"line":166,"column":1}},"line":68},"5":{"name":"(anonymous_5)","decl":{"start":{"line":80,"column":53},"end":{"line":80,"column":54}},"loc":{"start":{"line":81,"column":4},"end":{"line":82,"column":62}},"line":81},"6":{"name":"(anonymous_6)","decl":{"start":{"line":113,"column":20},"end":{"line":113,"column":21}},"loc":{"start":{"line":113,"column":27},"end":{"line":113,"column":56}},"line":113},"7":{"name":"(anonymous_7)","decl":{"start":{"line":125,"column":19},"end":{"line":125,"column":20}},"loc":{"start":{"line":125,"column":25},"end":{"line":125,"column":71}},"line":125},"8":{"name":"(anonymous_8)","decl":{"start":{"line":125,"column":36},"end":{"line":125,"column":37}},"loc":{"start":{"line":125,"column":45},"end":{"line":125,"column":69}},"line":125},"9":{"name":"(anonymous_9)","decl":{"start":{"line":130,"column":19},"end":{"line":130,"column":20}},"loc":{"start":{"line":130,"column":25},"end":{"line":130,"column":73}},"line":130},"10":{"name":"(anonymous_10)","decl":{"start":{"line":130,"column":36},"end":{"line":130,"column":37}},"loc":{"start":{"line":130,"column":45},"end":{"line":130,"column":71}},"line":130},"11":{"name":"(anonymous_11)","decl":{"start":{"line":135,"column":19},"end":{"line":135,"column":20}},"loc":{"start":{"line":135,"column":25},"end":{"line":135,"column":73}},"line":135},"12":{"name":"(anonymous_12)","decl":{"start":{"line":135,"column":36},"end":{"line":135,"column":37}},"loc":{"start":{"line":135,"column":45},"end":{"line":135,"column":71}},"line":135},"13":{"name":"(anonymous_13)","decl":{"start":{"line":140,"column":19},"end":{"line":140,"column":20}},"loc":{"start":{"line":140,"column":25},"end":{"line":140,"column":73}},"line":140},"14":{"name":"(anonymous_14)","decl":{"start":{"line":140,"column":36},"end":{"line":140,"column":37}},"loc":{"start":{"line":140,"column":45},"end":{"line":140,"column":71}},"line":140},"15":{"name":"(anonymous_15)","decl":{"start":{"line":147,"column":37},"end":{"line":147,"column":38}},"loc":{"start":{"line":148,"column":12},"end":{"line":152,"column":14}},"line":148}},"branchMap":{"0":{"loc":{"start":{"line":7,"column":4},"end":{"line":14,"column":5}},"type":"switch","locations":[{"start":{"line":8,"column":6},"end":{"line":9,"column":55}},{"start":{"line":10,"column":6},"end":{"line":11,"column":51}},{"start":{"line":12,"column":6},"end":{"line":13,"column":55}}],"line":7},"1":{"loc":{"start":{"line":23,"column":20},"end":{"line":23,"column":74}},"type":"cond-expr","locations":[{"start":{"line":23,"column":40},"end":{"line":23,"column":52}},{"start":{"line":23,"column":55},"end":{"line":23,"column":74}}],"line":23},"2":{"loc":{"start":{"line":38,"column":9},"end":{"line":48,"column":9}},"type":"binary-expr","locations":[{"start":{"line":38,"column":9},"end":{"line":38,"column":27}},{"start":{"line":39,"column":10},"end":{"line":47,"column":19}}],"line":38},"3":{"loc":{"start":{"line":59,"column":6},"end":{"line":61,"column":67}},"type":"cond-expr","locations":[{"start":{"line":60,"column":10},"end":{"line":60,"column":42}},{"start":{"line":61,"column":10},"end":{"line":61,"column":67}}],"line":59},"4":{"loc":{"start":{"line":81,"column":4},"end":{"line":82,"column":62}},"type":"binary-expr","locations":[{"start":{"line":81,"column":4},"end":{"line":81,"column":60}},{"start":{"line":82,"column":4},"end":{"line":82,"column":62}}],"line":81},"5":{"loc":{"start":{"line":92,"column":11},"end":{"line":96,"column":11}},"type":"binary-expr","locations":[{"start":{"line":92,"column":11},"end":{"line":92,"column":26}},{"start":{"line":93,"column":12},"end":{"line":95,"column":19}}],"line":92},"6":{"loc":{"start":{"line":98,"column":9},"end":{"line":105,"column":9}},"type":"binary-expr","locations":[{"start":{"line":98,"column":9},"end":{"line":98,"column":24}},{"start":{"line":99,"column":10},"end":{"line":104,"column":19}}],"line":98},"7":{"loc":{"start":{"line":156,"column":9},"end":{"line":162,"column":9}},"type":"binary-expr","locations":[{"start":{"line":156,"column":9},"end":{"line":156,"column":43}},{"start":{"line":157,"column":10},"end":{"line":161,"column":16}}],"line":156}},"s":{"0":0,"1":0,"2":0,"3":0,"4":0,"5":0,"6":0,"7":0,"8":0,"9":0,"10":0,"11":0,"12":0,"13":0,"14":0,"15":0,"16":0,"17":0,"18":0,"19":0,"20":0,"21":0,"22":0,"23":0,"24":0,"25":0},"f":{"0":0,"1":0,"2":0,"3":0,"4":0,"5":0,"6":0,"7":0,"8":0,"9":0,"10":0,"11":0,"12":0,"13":0,"14":0,"15":0},"b":{"0":[0,0,0],"1":[0,0],"2":[0,0],"3":[0,0],"4":[0,0],"5":[0,0],"6":[0,0],"7":[0,0]}}
,"/home/project/src/frontend/components/PortfolioDashboard/HoldingsDistribution.jsx": {"path":"/home/project/src/frontend/components/PortfolioDashboard/HoldingsDistribution.jsx","statementMap":{"0":{"start":{"line":4,"column":15},"end":{"line":4,"column":70}},"1":{"start":{"line":6,"column":22},"end":{"line":24,"column":1}},"2":{"start":{"line":7,"column":2},"end":{"line":7,"column":47}},"3":{"start":{"line":7,"column":35},"end":{"line":7,"column":47}},"4":{"start":{"line":9,"column":15},"end":{"line":9,"column":33}},"5":{"start":{"line":10,"column":2},"end":{"line":23,"column":4}},"6":{"start":{"line":26,"column":29},"end":{"line":98,"column":1}},"7":{"start":{"line":27,"column":40},"end":{"line":27,"column":54}},"8":{"start":{"line":29,"column":2},"end":{"line":97,"column":4}},"9":{"start":{"line":45,"column":42},"end":{"line":45,"column":63}},"10":{"start":{"line":46,"column":34},"end":{"line":46,"column":54}},"11":{"start":{"line":49,"column":16},"end":{"line":54,"column":18}},"12":{"start":{"line":68,"column":12},"end":{"line":92,"column":18}}},"fnMap":{"0":{"name":"(anonymous_0)","decl":{"start":{"line":6,"column":22},"end":{"line":6,"column":23}},"loc":{"start":{"line":6,"column":47},"end":{"line":24,"column":1}},"line":6},"1":{"name":"(anonymous_1)","decl":{"start":{"line":26,"column":29},"end":{"line":26,"column":30}},"loc":{"start":{"line":26,"column":43},"end":{"line":98,"column":1}},"line":26},"2":{"name":"(anonymous_2)","decl":{"start":{"line":45,"column":28},"end":{"line":45,"column":29}},"loc":{"start":{"line":45,"column":42},"end":{"line":45,"column":63}},"line":45},"3":{"name":"(anonymous_3)","decl":{"start":{"line":46,"column":28},"end":{"line":46,"column":29}},"loc":{"start":{"line":46,"column":34},"end":{"line":46,"column":54}},"line":46},"4":{"name":"(anonymous_4)","decl":{"start":{"line":48,"column":34},"end":{"line":48,"column":35}},"loc":{"start":{"line":49,"column":16},"end":{"line":54,"column":18}},"line":49},"5":{"name":"(anonymous_5)","decl":{"start":{"line":67,"column":24},"end":{"line":67,"column":25}},"loc":{"start":{"line":68,"column":12},"end":{"line":92,"column":18}},"line":68}},"branchMap":{"0":{"loc":{"start":{"line":7,"column":2},"end":{"line":7,"column":47}},"type":"if","locations":[{"start":{"line":7,"column":2},"end":{"line":7,"column":47}},{"start":{},"end":{}}],"line":7},"1":{"loc":{"start":{"line":7,"column":6},"end":{"line":7,"column":33}},"type":"binary-expr","locations":[{"start":{"line":7,"column":6},"end":{"line":7,"column":13}},{"start":{"line":7,"column":17},"end":{"line":7,"column":33}}],"line":7},"2":{"loc":{"start":{"line":52,"column":27},"end":{"line":52,"column":58}},"type":"cond-expr","locations":[{"start":{"line":52,"column":51},"end":{"line":52,"column":54}},{"start":{"line":52,"column":57},"end":{"line":52,"column":58}}],"line":52}},"s":{"0":0,"1":0,"2":0,"3":0,"4":0,"5":0,"6":0,"7":0,"8":0,"9":0,"10":0,"11":0,"12":0},"f":{"0":0,"1":0,"2":0,"3":0,"4":0,"5":0},"b":{"0":[0,0],"1":[0,0],"2":[0,0]}}
,"/home/project/src/frontend/components/PortfolioDashboard/PerformanceChart.jsx": {"path":"/home/project/src/frontend/components/PortfolioDashboard/PerformanceChart.jsx","statementMap":{"0":{"start":{"line":12,"column":22},"end":{"line":31,"column":1}},"1":{"start":{"line":13,"column":2},"end":{"line":13,"column":47}},"2":{"start":{"line":13,"column":35},"end":{"line":13,"column":47}},"3":{"start":{"line":15,"column":15},"end":{"line":15,"column":33}},"4":{"start":{"line":16,"column":2},"end":{"line":30,"column":4}},"5":{"start":{"line":33,"column":25},"end":{"line":99,"column":1}},"6":{"start":{"line":34,"column":38},"end":{"line":34,"column":52}},"7":{"start":{"line":36,"column":2},"end":{"line":98,"column":4}},"8":{"start":{"line":55,"column":40},"end":{"line":55,"column":51}},"9":{"start":{"line":63,"column":42},"end":{"line":63,"column":62}},"10":{"start":{"line":64,"column":34},"end":{"line":64,"column":53}},"11":{"start":{"line":67,"column":16},"end":{"line":72,"column":18}}},"fnMap":{"0":{"name":"(anonymous_0)","decl":{"start":{"line":12,"column":22},"end":{"line":12,"column":23}},"loc":{"start":{"line":12,"column":47},"end":{"line":31,"column":1}},"line":12},"1":{"name":"(anonymous_1)","decl":{"start":{"line":33,"column":25},"end":{"line":33,"column":26}},"loc":{"start":{"line":33,"column":39},"end":{"line":99,"column":1}},"line":33},"2":{"name":"(anonymous_2)","decl":{"start":{"line":55,"column":29},"end":{"line":55,"column":30}},"loc":{"start":{"line":55,"column":40},"end":{"line":55,"column":51}},"line":55},"3":{"name":"(anonymous_3)","decl":{"start":{"line":63,"column":28},"end":{"line":63,"column":29}},"loc":{"start":{"line":63,"column":42},"end":{"line":63,"column":62}},"line":63},"4":{"name":"(anonymous_4)","decl":{"start":{"line":64,"column":28},"end":{"line":64,"column":29}},"loc":{"start":{"line":64,"column":34},"end":{"line":64,"column":53}},"line":64},"5":{"name":"(anonymous_5)","decl":{"start":{"line":66,"column":34},"end":{"line":66,"column":35}},"loc":{"start":{"line":67,"column":16},"end":{"line":72,"column":18}},"line":67}},"branchMap":{"0":{"loc":{"start":{"line":13,"column":2},"end":{"line":13,"column":47}},"type":"if","locations":[{"start":{"line":13,"column":2},"end":{"line":13,"column":47}},{"start":{},"end":{}}],"line":13},"1":{"loc":{"start":{"line":13,"column":6},"end":{"line":13,"column":33}},"type":"binary-expr","locations":[{"start":{"line":13,"column":6},"end":{"line":13,"column":13}},{"start":{"line":13,"column":17},"end":{"line":13,"column":33}}],"line":13},"2":{"loc":{"start":{"line":69,"column":24},"end":{"line":69,"column":64}},"type":"cond-expr","locations":[{"start":{"line":69,"column":43},"end":{"line":69,"column":52}},{"start":{"line":69,"column":55},"end":{"line":69,"column":64}}],"line":69},"3":{"loc":{"start":{"line":70,"column":27},"end":{"line":70,"column":57}},"type":"cond-expr","locations":[{"start":{"line":70,"column":50},"end":{"line":70,"column":53}},{"start":{"line":70,"column":56},"end":{"line":70,"column":57}}],"line":70}},"s":{"0":0,"1":0,"2":0,"3":0,"4":0,"5":0,"6":0,"7":0,"8":0,"9":0,"10":0,"11":0},"f":{"0":0,"1":0,"2":0,"3":0,"4":0,"5":0},"b":{"0":[0,0],"1":[0,0],"2":[0,0],"3":[0,0]}}
,"/home/project/src/frontend/components/PortfolioDashboard/Summary.jsx": {"path":"/home/project/src/frontend/components/PortfolioDashboard/Summary.jsx","statementMap":{"0":{"start":{"line":4,"column":16},"end":{"line":63,"column":1}},"1":{"start":{"line":5,"column":23},"end":{"line":5,"column":43}},"2":{"start":{"line":7,"column":2},"end":{"line":62,"column":4}}},"fnMap":{"0":{"name":"(anonymous_0)","decl":{"start":{"line":4,"column":16},"end":{"line":4,"column":17}},"loc":{"start":{"line":4,"column":30},"end":{"line":63,"column":1}},"line":4}},"branchMap":{"0":{"loc":{"start":{"line":24,"column":13},"end":{"line":28,"column":13}},"type":"cond-expr","locations":[{"start":{"line":25,"column":14},"end":{"line":25,"column":67}},{"start":{"line":27,"column":14},"end":{"line":27,"column":67}}],"line":24},"1":{"loc":{"start":{"line":30,"column":14},"end":{"line":30,"column":68}},"type":"cond-expr","locations":[{"start":{"line":30,"column":29},"end":{"line":30,"column":48}},{"start":{"line":30,"column":51},"end":{"line":30,"column":68}}],"line":30},"2":{"loc":{"start":{"line":49,"column":9},"end":{"line":59,"column":9}},"type":"binary-expr","locations":[{"start":{"line":49,"column":9},"end":{"line":49,"column":28}},{"start":{"line":50,"column":10},"end":{"line":58,"column":16}}],"line":49}},"s":{"0":0,"1":0,"2":0},"f":{"0":0},"b":{"0":[0,0],"1":[0,0],"2":[0,0]}}
,"/home/project/src/frontend/components/ReinvestmentControls/ReinvestmentPanel.jsx": {"path":"/home/project/src/frontend/components/ReinvestmentControls/ReinvestmentPanel.jsx","statementMap":{"0":{"start":{"line":7,"column":15},"end":{"line":35,"column":1}},"1":{"start":{"line":8,"column":2},"end":{"line":34,"column":8}},"2":{"start":{"line":23,"column":23},"end":{"line":23,"column":55}},"3":{"start":{"line":37,"column":26},"end":{"line":194,"column":1}},"4":{"start":{"line":38,"column":34},"end":{"line":44,"column":4}},"5":{"start":{"line":46,"column":32},"end":{"line":46,"column":47}},"6":{"start":{"line":48,"column":17},"end":{"line":52,"column":4}},"7":{"start":{"line":49,"column":4},"end":{"line":51,"column":5}},"8":{"start":{"line":50,"column":6},"end":{"line":50,"column":31}},"9":{"start":{"line":54,"column":2},"end":{"line":64,"column":15}},"10":{"start":{"line":56,"column":4},"end":{"line":63,"column":85}},"11":{"start":{"line":57,"column":19},"end":{"line":57,"column":29}},"12":{"start":{"line":59,"column":8},"end":{"line":61,"column":9}},"13":{"start":{"line":60,"column":10},"end":{"line":60,"column":33}},"14":{"start":{"line":63,"column":22},"end":{"line":63,"column":83}},"15":{"start":{"line":66,"column":30},"end":{"line":91,"column":3}},"16":{"start":{"line":67,"column":24},"end":{"line":67,"column":53}},"17":{"start":{"line":70,"column":4},"end":{"line":70,"column":29}},"18":{"start":{"line":71,"column":4},"end":{"line":71,"column":21}},"19":{"start":{"line":73,"column":4},"end":{"line":90,"column":5}},"20":{"start":{"line":75,"column":23},"end":{"line":81,"column":8}},"21":{"start":{"line":83,"column":6},"end":{"line":85,"column":7}},"22":{"start":{"line":84,"column":8},"end":{"line":84,"column":53}},"23":{"start":{"line":87,"column":6},"end":{"line":87,"column":24}},"24":{"start":{"line":89,"column":6},"end":{"line":89,"column":68}},"25":{"start":{"line":93,"column":33},"end":{"line":101,"column":3}},"26":{"start":{"line":94,"column":21},"end":{"line":94,"column":36}},"27":{"start":{"line":95,"column":4},"end":{"line":99,"column":8}},"28":{"start":{"line":95,"column":25},"end":{"line":99,"column":5}},"29":{"start":{"line":100,"column":4},"end":{"line":100,"column":21}},"30":{"start":{"line":103,"column":32},"end":{"line":105,"column":3}},"31":{"start":{"line":104,"column":4},"end":{"line":104,"column":44}},"32":{"start":{"line":107,"column":2},"end":{"line":193,"column":4}},"33":{"start":{"line":123,"column":35},"end":{"line":123,"column":78}},"34":{"start":{"line":146,"column":33},"end":{"line":146,"column":78}}},"fnMap":{"0":{"name":"(anonymous_0)","decl":{"start":{"line":7,"column":15},"end":{"line":7,"column":16}},"loc":{"start":{"line":8,"column":2},"end":{"line":34,"column":8}},"line":8},"1":{"name":"(anonymous_1)","decl":{"start":{"line":23,"column":16},"end":{"line":23,"column":17}},"loc":{"start":{"line":23,"column":23},"end":{"line":23,"column":55}},"line":23},"2":{"name":"(anonymous_2)","decl":{"start":{"line":37,"column":26},"end":{"line":37,"column":27}},"loc":{"start":{"line":37,"column":42},"end":{"line":194,"column":1}},"line":37},"3":{"name":"(anonymous_3)","decl":{"start":{"line":48,"column":46},"end":{"line":48,"column":47}},"loc":{"start":{"line":48,"column":58},"end":{"line":52,"column":3}},"line":48},"4":{"name":"(anonymous_4)","decl":{"start":{"line":54,"column":12},"end":{"line":54,"column":13}},"loc":{"start":{"line":54,"column":18},"end":{"line":64,"column":3}},"line":54},"5":{"name":"(anonymous_5)","decl":{"start":{"line":57,"column":12},"end":{"line":57,"column":13}},"loc":{"start":{"line":57,"column":19},"end":{"line":57,"column":29}},"line":57},"6":{"name":"(anonymous_6)","decl":{"start":{"line":58,"column":12},"end":{"line":58,"column":13}},"loc":{"start":{"line":58,"column":20},"end":{"line":62,"column":7}},"line":58},"7":{"name":"(anonymous_7)","decl":{"start":{"line":63,"column":13},"end":{"line":63,"column":14}},"loc":{"start":{"line":63,"column":22},"end":{"line":63,"column":83}},"line":63},"8":{"name":"(anonymous_8)","decl":{"start":{"line":66,"column":30},"end":{"line":66,"column":31}},"loc":{"start":{"line":66,"column":52},"end":{"line":91,"column":3}},"line":66},"9":{"name":"(anonymous_9)","decl":{"start":{"line":93,"column":33},"end":{"line":93,"column":34}},"loc":{"start":{"line":93,"column":48},"end":{"line":101,"column":3}},"line":93},"10":{"name":"(anonymous_10)","decl":{"start":{"line":95,"column":16},"end":{"line":95,"column":17}},"loc":{"start":{"line":95,"column":25},"end":{"line":99,"column":5}},"line":95},"11":{"name":"(anonymous_11)","decl":{"start":{"line":103,"column":32},"end":{"line":103,"column":33}},"loc":{"start":{"line":103,"column":43},"end":{"line":105,"column":3}},"line":103},"12":{"name":"(anonymous_12)","decl":{"start":{"line":123,"column":22},"end":{"line":123,"column":23}},"loc":{"start":{"line":123,"column":35},"end":{"line":123,"column":78}},"line":123},"13":{"name":"(anonymous_13)","decl":{"start":{"line":146,"column":22},"end":{"line":146,"column":23}},"loc":{"start":{"line":146,"column":33},"end":{"line":146,"column":78}},"line":146}},"branchMap":{"0":{"loc":{"start":{"line":7,"column":42},"end":{"line":7,"column":49}},"type":"default-arg","locations":[{"start":{"line":7,"column":48},"end":{"line":7,"column":49}}],"line":7},"1":{"loc":{"start":{"line":7,"column":51},"end":{"line":7,"column":60}},"type":"default-arg","locations":[{"start":{"line":7,"column":57},"end":{"line":7,"column":60}}],"line":7},"2":{"loc":{"start":{"line":7,"column":62},"end":{"line":7,"column":70}},"type":"default-arg","locations":[{"start":{"line":7,"column":69},"end":{"line":7,"column":70}}],"line":7},"3":{"loc":{"start":{"line":49,"column":4},"end":{"line":51,"column":5}},"type":"if","locations":[{"start":{"line":49,"column":4},"end":{"line":51,"column":5}},{"start":{},"end":{}}],"line":49},"4":{"loc":{"start":{"line":49,"column":8},"end":{"line":49,"column":46}},"type":"binary-expr","locations":[{"start":{"line":49,"column":8},"end":{"line":49,"column":34}},{"start":{"line":49,"column":38},"end":{"line":49,"column":46}}],"line":49},"5":{"loc":{"start":{"line":59,"column":8},"end":{"line":61,"column":9}},"type":"if","locations":[{"start":{"line":59,"column":8},"end":{"line":61,"column":9}},{"start":{},"end":{}}],"line":59},"6":{"loc":{"start":{"line":83,"column":6},"end":{"line":85,"column":7}},"type":"if","locations":[{"start":{"line":83,"column":6},"end":{"line":85,"column":7}},{"start":{},"end":{}}],"line":83},"7":{"loc":{"start":{"line":125,"column":14},"end":{"line":125,"column":71}},"type":"cond-expr","locations":[{"start":{"line":125,"column":37},"end":{"line":125,"column":54}},{"start":{"line":125,"column":57},"end":{"line":125,"column":71}}],"line":125},"8":{"loc":{"start":{"line":131,"column":16},"end":{"line":131,"column":72}},"type":"cond-expr","locations":[{"start":{"line":131,"column":39},"end":{"line":131,"column":54}},{"start":{"line":131,"column":57},"end":{"line":131,"column":72}}],"line":131},"9":{"loc":{"start":{"line":140,"column":30},"end":{"line":140,"column":60}},"type":"cond-expr","locations":[{"start":{"line":140,"column":53},"end":{"line":140,"column":54}},{"start":{"line":140,"column":57},"end":{"line":140,"column":60}}],"line":140},"10":{"loc":{"start":{"line":155,"column":30},"end":{"line":155,"column":60}},"type":"cond-expr","locations":[{"start":{"line":155,"column":53},"end":{"line":155,"column":54}},{"start":{"line":155,"column":57},"end":{"line":155,"column":60}}],"line":155},"11":{"loc":{"start":{"line":171,"column":30},"end":{"line":171,"column":60}},"type":"cond-expr","locations":[{"start":{"line":171,"column":53},"end":{"line":171,"column":54}},{"start":{"line":171,"column":57},"end":{"line":171,"column":60}}],"line":171},"12":{"loc":{"start":{"line":184,"column":14},"end":{"line":184,"column":74}},"type":"cond-expr","locations":[{"start":{"line":184,"column":37},"end":{"line":184,"column":54}},{"start":{"line":184,"column":57},"end":{"line":184,"column":74}}],"line":184},"13":{"loc":{"start":{"line":188,"column":13},"end":{"line":188,"column":58}},"type":"cond-expr","locations":[{"start":{"line":188,"column":36},"end":{"line":188,"column":47}},{"start":{"line":188,"column":50},"end":{"line":188,"column":58}}],"line":188}},"s":{"0":0,"1":0,"2":0,"3":0,"4":0,"5":0,"6":0,"7":0,"8":0,"9":0,"10":0,"11":0,"12":0,"13":0,"14":0,"15":0,"16":0,"17":0,"18":0,"19":0,"20":0,"21":0,"22":0,"23":0,"24":0,"25":0,"26":0,"27":0,"28":0,"29":0,"30":0,"31":0,"32":0,"33":0,"34":0},"f":{"0":0,"1":0,"2":0,"3":0,"4":0,"5":0,"6":0,"7":0,"8":0,"9":0,"10":0,"11":0,"12":0,"13":0},"b":{"0":[0],"1":[0],"2":[0],"3":[0,0],"4":[0,0],"5":[0,0],"6":[0,0],"7":[0,0],"8":[0,0],"9":[0,0],"10":[0,0],"11":[0,0],"12":[0,0],"13":[0,0]}}
,"/home/project/src/frontend/components/ReinvestmentControls/WatchlistDropdown.jsx": {"path":"/home/project/src/frontend/components/ReinvestmentControls/WatchlistDropdown.jsx","statementMap":{"0":{"start":{"line":4,"column":26},"end":{"line":78,"column":1}},"1":{"start":{"line":5,"column":46},"end":{"line":5,"column":58}},"2":{"start":{"line":6,"column":36},"end":{"line":6,"column":50}},"3":{"start":{"line":7,"column":28},"end":{"line":7,"column":42}},"4":{"start":{"line":9,"column":2},"end":{"line":21,"column":9}},"5":{"start":{"line":10,"column":4},"end":{"line":20,"column":42}},"6":{"start":{"line":11,"column":19},"end":{"line":11,"column":29}},"7":{"start":{"line":13,"column":8},"end":{"line":17,"column":9}},"8":{"start":{"line":14,"column":10},"end":{"line":14,"column":39}},"9":{"start":{"line":16,"column":10},"end":{"line":16,"column":51}},"10":{"start":{"line":19,"column":20},"end":{"line":19,"column":41}},"11":{"start":{"line":20,"column":21},"end":{"line":20,"column":40}},"12":{"start":{"line":23,"column":27},"end":{"line":28,"column":3}},"13":{"start":{"line":24,"column":25},"end":{"line":26,"column":32}},"14":{"start":{"line":25,"column":34},"end":{"line":25,"column":44}},"15":{"start":{"line":27,"column":4},"end":{"line":27,"column":36}},"16":{"start":{"line":30,"column":2},"end":{"line":36,"column":3}},"17":{"start":{"line":31,"column":4},"end":{"line":35,"column":6}},"18":{"start":{"line":38,"column":2},"end":{"line":44,"column":3}},"19":{"start":{"line":39,"column":4},"end":{"line":43,"column":6}},"20":{"start":{"line":46,"column":2},"end":{"line":77,"column":4}},"21":{"start":{"line":53,"column":10},"end":{"line":73,"column":26}},"22":{"start":{"line":55,"column":27},"end":{"line":55,"column":56}}},"fnMap":{"0":{"name":"(anonymous_0)","decl":{"start":{"line":4,"column":26},"end":{"line":4,"column":27}},"loc":{"start":{"line":4,"column":68},"end":{"line":78,"column":1}},"line":4},"1":{"name":"(anonymous_1)","decl":{"start":{"line":9,"column":12},"end":{"line":9,"column":13}},"loc":{"start":{"line":9,"column":18},"end":{"line":21,"column":3}},"line":9},"2":{"name":"(anonymous_2)","decl":{"start":{"line":11,"column":12},"end":{"line":11,"column":13}},"loc":{"start":{"line":11,"column":19},"end":{"line":11,"column":29}},"line":11},"3":{"name":"(anonymous_3)","decl":{"start":{"line":12,"column":12},"end":{"line":12,"column":13}},"loc":{"start":{"line":12,"column":20},"end":{"line":18,"column":7}},"line":12},"4":{"name":"(anonymous_4)","decl":{"start":{"line":19,"column":13},"end":{"line":19,"column":14}},"loc":{"start":{"line":19,"column":20},"end":{"line":19,"column":41}},"line":19},"5":{"name":"(anonymous_5)","decl":{"start":{"line":20,"column":15},"end":{"line":20,"column":16}},"loc":{"start":{"line":20,"column":21},"end":{"line":20,"column":40}},"line":20},"6":{"name":"(anonymous_6)","decl":{"start":{"line":23,"column":27},"end":{"line":23,"column":28}},"loc":{"start":{"line":23,"column":37},"end":{"line":28,"column":3}},"line":23},"7":{"name":"(anonymous_7)","decl":{"start":{"line":25,"column":29},"end":{"line":25,"column":30}},"loc":{"start":{"line":25,"column":34},"end":{"line":25,"column":44}},"line":25},"8":{"name":"(anonymous_8)","decl":{"start":{"line":52,"column":28},"end":{"line":52,"column":29}},"loc":{"start":{"line":53,"column":10},"end":{"line":73,"column":26}},"line":53},"9":{"name":"(anonymous_9)","decl":{"start":{"line":55,"column":21},"end":{"line":55,"column":22}},"loc":{"start":{"line":55,"column":27},"end":{"line":55,"column":56}},"line":55}},"branchMap":{"0":{"loc":{"start":{"line":13,"column":8},"end":{"line":17,"column":9}},"type":"if","locations":[{"start":{"line":13,"column":8},"end":{"line":17,"column":9}},{"start":{"line":15,"column":15},"end":{"line":17,"column":9}}],"line":13},"1":{"loc":{"start":{"line":24,"column":25},"end":{"line":26,"column":32}},"type":"cond-expr","locations":[{"start":{"line":25,"column":8},"end":{"line":25,"column":45}},{"start":{"line":26,"column":8},"end":{"line":26,"column":32}}],"line":24},"2":{"loc":{"start":{"line":30,"column":2},"end":{"line":36,"column":3}},"type":"if","locations":[{"start":{"line":30,"column":2},"end":{"line":36,"column":3}},{"start":{},"end":{}}],"line":30},"3":{"loc":{"start":{"line":38,"column":2},"end":{"line":44,"column":3}},"type":"if","locations":[{"start":{"line":38,"column":2},"end":{"line":44,"column":3}},{"start":{},"end":{}}],"line":38},"4":{"loc":{"start":{"line":59,"column":14},"end":{"line":61,"column":100}},"type":"cond-expr","locations":[{"start":{"line":60,"column":18},"end":{"line":60,"column":73}},{"start":{"line":61,"column":18},"end":{"line":61,"column":100}}],"line":59},"5":{"loc":{"start":{"line":67,"column":16},"end":{"line":67,"column":82}},"type":"cond-expr","locations":[{"start":{"line":67,"column":43},"end":{"line":67,"column":62}},{"start":{"line":67,"column":65},"end":{"line":67,"column":82}}],"line":67},"6":{"loc":{"start":{"line":69,"column":17},"end":{"line":69,"column":53}},"type":"cond-expr","locations":[{"start":{"line":69,"column":44},"end":{"line":69,"column":47}},{"start":{"line":69,"column":50},"end":{"line":69,"column":53}}],"line":69}},"s":{"0":0,"1":0,"2":0,"3":0,"4":0,"5":0,"6":0,"7":0,"8":0,"9":0,"10":0,"11":0,"12":0,"13":0,"14":0,"15":0,"16":0,"17":0,"18":0,"19":0,"20":0,"21":0,"22":0},"f":{"0":0,"1":0,"2":0,"3":0,"4":0,"5":0,"6":0,"7":0,"8":0,"9":0},"b":{"0":[0,0],"1":[0,0],"2":[0,0],"3":[0,0],"4":[0,0],"5":[0,0],"6":[0,0]}}
,"/home/project/src/frontend/components/TradeHistory/TradeHistoryPanel.jsx": {"path":"/home/project/src/frontend/components/TradeHistory/TradeHistoryPanel.jsx","statementMap":{"0":{"start":{"line":8,"column":21},"end":{"line":20,"column":1}},"1":{"start":{"line":9,"column":2},"end":{"line":19,"column":11}},"2":{"start":{"line":22,"column":17},"end":{"line":76,"column":1}},"3":{"start":{"line":23,"column":23},"end":{"line":25,"column":38}},"4":{"start":{"line":27,"column":21},"end":{"line":29,"column":55}},"5":{"start":{"line":31,"column":2},"end":{"line":75,"column":4}},"6":{"start":{"line":78,"column":26},"end":{"line":177,"column":1}},"7":{"start":{"line":89,"column":6},"end":{"line":89,"column":29}},"8":{"start":{"line":91,"column":39},"end":{"line":91,"column":50}},"9":{"start":{"line":93,"column":2},"end":{"line":97,"column":63}},"10":{"start":{"line":94,"column":4},"end":{"line":96,"column":5}},"11":{"start":{"line":95,"column":6},"end":{"line":95,"column":22}},"12":{"start":{"line":99,"column":2},"end":{"line":99,"column":43}},"13":{"start":{"line":99,"column":17},"end":{"line":99,"column":43}},"14":{"start":{"line":100,"column":2},"end":{"line":100,"column":61}},"15":{"start":{"line":100,"column":15},"end":{"line":100,"column":61}},"16":{"start":{"line":102,"column":2},"end":{"line":176,"column":4}},"17":{"start":{"line":115,"column":25},"end":{"line":115,"column":59}},"18":{"start":{"line":120,"column":25},"end":{"line":120,"column":55}},"19":{"start":{"line":125,"column":25},"end":{"line":125,"column":56}},"20":{"start":{"line":130,"column":25},"end":{"line":130,"column":57}},"21":{"start":{"line":135,"column":25},"end":{"line":135,"column":56}},"22":{"start":{"line":151,"column":12},"end":{"line":155,"column":14}}},"fnMap":{"0":{"name":"(anonymous_0)","decl":{"start":{"line":8,"column":21},"end":{"line":8,"column":22}},"loc":{"start":{"line":9,"column":2},"end":{"line":19,"column":11}},"line":9},"1":{"name":"(anonymous_1)","decl":{"start":{"line":22,"column":17},"end":{"line":22,"column":18}},"loc":{"start":{"line":22,"column":39},"end":{"line":76,"column":1}},"line":22},"2":{"name":"(anonymous_2)","decl":{"start":{"line":78,"column":26},"end":{"line":78,"column":27}},"loc":{"start":{"line":78,"column":42},"end":{"line":177,"column":1}},"line":78},"3":{"name":"(anonymous_3)","decl":{"start":{"line":93,"column":12},"end":{"line":93,"column":13}},"loc":{"start":{"line":93,"column":18},"end":{"line":97,"column":3}},"line":93},"4":{"name":"(anonymous_4)","decl":{"start":{"line":115,"column":19},"end":{"line":115,"column":20}},"loc":{"start":{"line":115,"column":25},"end":{"line":115,"column":59}},"line":115},"5":{"name":"(anonymous_5)","decl":{"start":{"line":120,"column":19},"end":{"line":120,"column":20}},"loc":{"start":{"line":120,"column":25},"end":{"line":120,"column":55}},"line":120},"6":{"name":"(anonymous_6)","decl":{"start":{"line":125,"column":19},"end":{"line":125,"column":20}},"loc":{"start":{"line":125,"column":25},"end":{"line":125,"column":56}},"line":125},"7":{"name":"(anonymous_7)","decl":{"start":{"line":130,"column":19},"end":{"line":130,"column":20}},"loc":{"start":{"line":130,"column":25},"end":{"line":130,"column":57}},"line":130},"8":{"name":"(anonymous_8)","decl":{"start":{"line":135,"column":19},"end":{"line":135,"column":20}},"loc":{"start":{"line":135,"column":25},"end":{"line":135,"column":56}},"line":135},"9":{"name":"(anonymous_9)","decl":{"start":{"line":150,"column":22},"end":{"line":150,"column":23}},"loc":{"start":{"line":151,"column":12},"end":{"line":155,"column":14}},"line":151}},"branchMap":{"0":{"loc":{"start":{"line":13,"column":6},"end":{"line":15,"column":67}},"type":"cond-expr","locations":[{"start":{"line":14,"column":10},"end":{"line":14,"column":42}},{"start":{"line":15,"column":10},"end":{"line":15,"column":67}}],"line":13},"1":{"loc":{"start":{"line":23,"column":23},"end":{"line":25,"column":38}},"type":"cond-expr","locations":[{"start":{"line":24,"column":6},"end":{"line":24,"column":38}},{"start":{"line":25,"column":6},"end":{"line":25,"column":38}}],"line":23},"2":{"loc":{"start":{"line":27,"column":21},"end":{"line":29,"column":55}},"type":"cond-expr","locations":[{"start":{"line":28,"column":6},"end":{"line":28,"column":55}},{"start":{"line":29,"column":6},"end":{"line":29,"column":55}}],"line":27},"3":{"loc":{"start":{"line":41,"column":10},"end":{"line":41,"column":60}},"type":"cond-expr","locations":[{"start":{"line":41,"column":25},"end":{"line":41,"column":42}},{"start":{"line":41,"column":45},"end":{"line":41,"column":60}}],"line":41},"4":{"loc":{"start":{"line":49,"column":8},"end":{"line":49,"column":70}},"type":"cond-expr","locations":[{"start":{"line":49,"column":31},"end":{"line":49,"column":50}},{"start":{"line":49,"column":53},"end":{"line":49,"column":70}}],"line":49},"5":{"loc":{"start":{"line":66,"column":8},"end":{"line":66,"column":62}},"type":"cond-expr","locations":[{"start":{"line":66,"column":23},"end":{"line":66,"column":42}},{"start":{"line":66,"column":45},"end":{"line":66,"column":62}}],"line":66},"6":{"loc":{"start":{"line":94,"column":4},"end":{"line":96,"column":5}},"type":"if","locations":[{"start":{"line":94,"column":4},"end":{"line":96,"column":5}},{"start":{},"end":{}}],"line":94},"7":{"loc":{"start":{"line":94,"column":8},"end":{"line":94,"column":52}},"type":"binary-expr","locations":[{"start":{"line":94,"column":8},"end":{"line":94,"column":14}},{"start":{"line":94,"column":18},"end":{"line":94,"column":29}},{"start":{"line":94,"column":33},"end":{"line":94,"column":52}}],"line":94},"8":{"loc":{"start":{"line":99,"column":2},"end":{"line":99,"column":43}},"type":"if","locations":[{"start":{"line":99,"column":2},"end":{"line":99,"column":43}},{"start":{},"end":{}}],"line":99},"9":{"loc":{"start":{"line":100,"column":2},"end":{"line":100,"column":61}},"type":"if","locations":[{"start":{"line":100,"column":2},"end":{"line":100,"column":61}},{"start":{},"end":{}}],"line":100},"10":{"loc":{"start":{"line":159,"column":9},"end":{"line":165,"column":9}},"type":"binary-expr","locations":[{"start":{"line":159,"column":9},"end":{"line":159,"column":28}},{"start":{"line":160,"column":10},"end":{"line":164,"column":16}}],"line":159},"11":{"loc":{"start":{"line":168,"column":11},"end":{"line":172,"column":11}},"type":"binary-expr","locations":[{"start":{"line":168,"column":11},"end":{"line":168,"column":29}},{"start":{"line":169,"column":12},"end":{"line":171,"column":18}}],"line":168}},"s":{"0":0,"1":0,"2":0,"3":0,"4":0,"5":0,"6":0,"7":0,"8":0,"9":0,"10":0,"11":0,"12":0,"13":0,"14":0,"15":0,"16":0,"17":0,"18":0,"19":0,"20":0,"21":0,"22":0},"f":{"0":0,"1":0,"2":0,"3":0,"4":0,"5":0,"6":0,"7":0,"8":0,"9":0},"b":{"0":[0,0],"1":[0,0],"2":[0,0],"3":[0,0],"4":[0,0],"5":[0,0],"6":[0,0],"7":[0,0,0],"8":[0,0],"9":[0,0],"10":[0,0],"11":[0,0]}}
,"/home/project/src/frontend/components/TradeMonitor/LiveTrades.jsx": {"path":"/home/project/src/frontend/components/TradeMonitor/LiveTrades.jsx","statementMap":{"0":{"start":{"line":5,"column":17},"end":{"line":42,"column":1}},"1":{"start":{"line":6,"column":23},"end":{"line":6,"column":43}},"2":{"start":{"line":8,"column":2},"end":{"line":41,"column":4}},"3":{"start":{"line":44,"column":19},"end":{"line":93,"column":1}},"4":{"start":{"line":45,"column":17},"end":{"line":45,"column":32}},"5":{"start":{"line":46,"column":23},"end":{"line":46,"column":35}},"6":{"start":{"line":48,"column":2},"end":{"line":52,"column":15}},"7":{"start":{"line":49,"column":4},"end":{"line":51,"column":5}},"8":{"start":{"line":50,"column":6},"end":{"line":50,"column":41}},"9":{"start":{"line":54,"column":2},"end":{"line":92,"column":4}},"10":{"start":{"line":69,"column":12},"end":{"line":73,"column":14}}},"fnMap":{"0":{"name":"(anonymous_0)","decl":{"start":{"line":5,"column":17},"end":{"line":5,"column":18}},"loc":{"start":{"line":5,"column":39},"end":{"line":42,"column":1}},"line":5},"1":{"name":"(anonymous_1)","decl":{"start":{"line":44,"column":19},"end":{"line":44,"column":20}},"loc":{"start":{"line":44,"column":25},"end":{"line":93,"column":1}},"line":44},"2":{"name":"(anonymous_2)","decl":{"start":{"line":48,"column":12},"end":{"line":48,"column":13}},"loc":{"start":{"line":48,"column":18},"end":{"line":52,"column":3}},"line":48},"3":{"name":"(anonymous_3)","decl":{"start":{"line":68,"column":22},"end":{"line":68,"column":23}},"loc":{"start":{"line":69,"column":12},"end":{"line":73,"column":14}},"line":69}},"branchMap":{"0":{"loc":{"start":{"line":19,"column":12},"end":{"line":19,"column":62}},"type":"cond-expr","locations":[{"start":{"line":19,"column":27},"end":{"line":19,"column":44}},{"start":{"line":19,"column":47},"end":{"line":19,"column":62}}],"line":19},"1":{"loc":{"start":{"line":27,"column":36},"end":{"line":27,"column":90}},"type":"cond-expr","locations":[{"start":{"line":27,"column":51},"end":{"line":27,"column":70}},{"start":{"line":27,"column":73},"end":{"line":27,"column":90}}],"line":27},"2":{"loc":{"start":{"line":49,"column":4},"end":{"line":51,"column":5}},"type":"if","locations":[{"start":{"line":49,"column":4},"end":{"line":51,"column":5}},{"start":{},"end":{}}],"line":49},"3":{"loc":{"start":{"line":77,"column":9},"end":{"line":83,"column":9}},"type":"binary-expr","locations":[{"start":{"line":77,"column":9},"end":{"line":77,"column":28}},{"start":{"line":78,"column":10},"end":{"line":82,"column":16}}],"line":77}},"s":{"0":0,"1":0,"2":0,"3":0,"4":0,"5":0,"6":0,"7":0,"8":0,"9":0,"10":0},"f":{"0":0,"1":0,"2":0,"3":0},"b":{"0":[0,0],"1":[0,0],"2":[0,0],"3":[0,0]}}
,"/home/project/src/frontend/components/common/ErrorAlert.jsx": {"path":"/home/project/src/frontend/components/common/ErrorAlert.jsx","statementMap":{"0":{"start":{"line":3,"column":19},"end":{"line":33,"column":1}},"1":{"start":{"line":4,"column":2},"end":{"line":32,"column":8}}},"fnMap":{"0":{"name":"(anonymous_0)","decl":{"start":{"line":3,"column":19},"end":{"line":3,"column":20}},"loc":{"start":{"line":4,"column":2},"end":{"line":32,"column":8}},"line":4}},"branchMap":{},"s":{"0":0,"1":0},"f":{"0":0},"b":{}}
[...]
ne":75,"column":27}},{"start":{"line":75,"column":31},"end":{"line":75,"column":38}},{"start":{"line":75,"column":42},"end":{"line":75,"column":65}}],"line":75},"6":{"loc":{"start":{"line":90,"column":18},"end":{"line":94,"column":19}},"type":"if","locations":[{"start":{"line":90,"column":18},"end":{"line":94,"column":19}},{"start":{},"end":{}}],"line":90},"7":{"loc":{"start":{"line":99,"column":40},"end":{"line":99,"column":73}},"type":"cond-expr","locations":[{"start":{"line":99,"column":57},"end":{"line":99,"column":63}},{"start":{"line":99,"column":66},"end":{"line":99,"column":73}}],"line":99},"8":{"loc":{"start":{"line":107,"column":22},"end":{"line":111,"column":23}},"type":"if","locations":[{"start":{"line":107,"column":22},"end":{"line":111,"column":23}},{"start":{},"end":{}}],"line":107},"9":{"loc":{"start":{"line":114,"column":24},"end":{"line":118,"column":25}},"type":"if","locations":[{"start":{"line":114,"column":24},"end":{"line":118,"column":25}},{"start":{},"end":{}}],"line":114},"10":{"loc":{"start":{"line":125,"column":34},"end":{"line":125,"column":62}},"type":"cond-expr","locations":[{"start":{"line":125,"column":44},"end":{"line":125,"column":51}},{"start":{"line":125,"column":54},"end":{"line":125,"column":62}}],"line":125},"11":{"loc":{"start":{"line":167,"column":40},"end":{"line":167,"column":52}},"type":"default-arg","locations":[{"start":{"line":167,"column":48},"end":{"line":167,"column":52}}],"line":167},"12":{"loc":{"start":{"line":170,"column":13},"end":{"line":170,"column":38}},"type":"binary-expr","locations":[{"start":{"line":170,"column":13},"end":{"line":170,"column":27}},{"start":{"line":170,"column":31},"end":{"line":170,"column":38}}],"line":170},"13":{"loc":{"start":{"line":177,"column":13},"end":{"line":177,"column":38}},"type":"binary-expr","locations":[{"start":{"line":177,"column":13},"end":{"line":177,"column":27}},{"start":{"line":177,"column":31},"end":{"line":177,"column":38}}],"line":177},"14":{"loc":{"start":{"line":201,"column":12},"end":{"line":208,"column":13}},"type":"if","locations":[{"start":{"line":201,"column":12},"end":{"line":208,"column":13}},{"start":{},"end":{}}],"line":201},"15":{"loc":{"start":{"line":210,"column":12},"end":{"line":216,"column":13}},"type":"if","locations":[{"start":{"line":210,"column":12},"end":{"line":216,"column":13}},{"start":{},"end":{}}],"line":210},"16":{"loc":{"start":{"line":222,"column":33},"end":{"line":224,"column":61}},"type":"cond-expr","locations":[{"start":{"line":223,"column":18},"end":{"line":223,"column":61}},{"start":{"line":224,"column":18},"end":{"line":224,"column":61}}],"line":222},"17":{"loc":{"start":{"line":269,"column":32},"end":{"line":269,"column":63}},"type":"default-arg","locations":[{"start":{"line":269,"column":61},"end":{"line":269,"column":63}}],"line":269},"18":{"loc":{"start":{"line":269,"column":34},"end":{"line":269,"column":44}},"type":"default-arg","locations":[{"start":{"line":269,"column":42},"end":{"line":269,"column":44}}],"line":269},"19":{"loc":{"start":{"line":269,"column":46},"end":{"line":269,"column":56}},"type":"default-arg","locations":[{"start":{"line":269,"column":55},"end":{"line":269,"column":56}}],"line":269},"20":{"loc":{"start":{"line":286,"column":12},"end":{"line":293,"column":13}},"type":"if","locations":[{"start":{"line":286,"column":12},"end":{"line":293,"column":13}},{"start":{},"end":{}}],"line":286}},"s":{"0":0,"1":0,"2":0,"3":0,"4":0,"5":0,"6":0,"7":0,"8":0,"9":0,"10":0,"11":0,"12":0,"13":0,"14":0,"15":0,"16":0,"17":0,"18":0,"19":0,"20":0,"21":0,"22":0,"23":0,"24":0,"25":0,"26":0,"27":0,"28":0,"29":0,"30":0,"31":0,"32":0,"33":0,"34":0,"35":0,"36":0,"37":0,"38":0,"39":0,"40":0,"41":0,"42":0,"43":0,"44":0,"45":0,"46":0,"47":0,"48":0,"49":0,"50":0,"51":0,"52":0,"53":0,"54":0,"55":0,"56":0,"57":0,"58":0,"59":0,"60":0,"61":0,"62":0,"63":0,"64":0,"65":0,"66":0,"67":0,"68":0,"69":0,"70":0,"71":0,"72":0,"73":0,"74":0,"75":0,"76":0,"77":0,"78":0,"79":0,"80":0,"81":0,"82":0,"83":0,"84":0,"85":0,"86":0,"87":0,"88":0,"89":0,"90":0,"91":0,"92":0,"93":0,"94":0,"95":0,"96":0,"97":0,"98":0},"f":{"0":0,"1":0,"2":0,"3":0,"4":0,"5":0,"6":0,"7":0,"8":0,"9":0,"10":0,"11":0,"12":0,"13":0,"14":0,"15":0,"16":0},"b":{"0":[0],"1":[0,0],"2":[0,0],"3":[0,0],"4":[0,0],"5":[0,0,0],"6":[0,0],"7":[0,0],"8":[0,0],"9":[0,0],"10":[0,0],"11":[0],"12":[0,0],"13":[0,0],"14":[0,0],"15":[0,0],"16":[0,0],"17":[0],"18":[0],"19":[0],"20":[0,0]}}
,"/home/project/src/services/tradingService/tradingService.test.js": {"path":"/home/project/src/services/tradingService/tradingService.test.js","statementMap":{"0":{"start":{"line":1,"column":23},"end":{"line":1,"column":50}},"1":{"start":{"line":2,"column":26},"end":{"line":2,"column":75}},"2":{"start":{"line":3,"column":20},"end":{"line":3,"column":44}},"3":{"start":{"line":4,"column":16},"end":{"line":4,"column":44}},"4":{"start":{"line":5,"column":13},"end":{"line":5,"column":28}},"5":{"start":{"line":7,"column":0},"end":{"line":7,"column":52}},"6":{"start":{"line":8,"column":0},"end":{"line":8,"column":27}},"7":{"start":{"line":10,"column":0},"end":{"line":323,"column":3}},"8":{"start":{"line":11,"column":17},"end":{"line":11,"column":65}},"9":{"start":{"line":13,"column":2},"end":{"line":22,"column":5}},"10":{"start":{"line":14,"column":4},"end":{"line":14,"column":25}},"11":{"start":{"line":15,"column":4},"end":{"line":18,"column":7}},"12":{"start":{"line":19,"column":4},"end":{"line":21,"column":6}},"13":{"start":{"line":20,"column":6},"end":{"line":20,"column":47}},"14":{"start":{"line":24,"column":2},"end":{"line":119,"column":5}},"15":{"start":{"line":25,"column":4},"end":{"line":92,"column":7}},"16":{"start":{"line":26,"column":31},"end":{"line":31,"column":7}},"17":{"start":{"line":33,"column":6},"end":{"line":49,"column":9}},"18":{"start":{"line":34,"column":22},"end":{"line":34,"column":73}},"19":{"start":{"line":36,"column":8},"end":{"line":42,"column":11}},"20":{"start":{"line":44,"column":8},"end":{"line":48,"column":11}},"21":{"start":{"line":51,"column":6},"end":{"line":63,"column":9}},"22":{"start":{"line":52,"column":26},"end":{"line":55,"column":10}},"23":{"start":{"line":57,"column":8},"end":{"line":57,"column":51}},"24":{"start":{"line":58,"column":8},"end":{"line":62,"column":11}},"25":{"start":{"line":65,"column":6},"end":{"line":78,"column":9}},"26":{"start":{"line":66,"column":8},"end":{"line":72,"column":50}},"27":{"start":{"line":74,"column":8},"end":{"line":77,"column":11}},"28":{"start":{"line":80,"column":6},"end":{"line":91,"column":9}},"29":{"start":{"line":81,"column":30},"end":{"line":86,"column":9}},"30":{"start":{"line":88,"column":8},"end":{"line":90,"column":9}},"31":{"start":{"line":89,"column":10},"end":{"line":89,"column":78}},"32":{"start":{"line":94,"column":4},"end":{"line":118,"column":7}},"33":{"start":{"line":95,"column":6},"end":{"line":105,"column":9}},"34":{"start":{"line":96,"column":24},"end":{"line":96,"column":25}},"35":{"start":{"line":97,"column":8},"end":{"line":99,"column":11}},"36":{"start":{"line":101,"column":23},"end":{"line":101,"column":72}},"37":{"start":{"line":103,"column":8},"end":{"line":103,"column":53}},"38":{"start":{"line":104,"column":8},"end":{"line":104,"column":70}},"39":{"start":{"line":107,"column":6},"end":{"line":117,"column":9}},"40":{"start":{"line":108,"column":24},"end":{"line":108,"column":25}},"41":{"start":{"line":109,"column":8},"end":{"line":111,"column":11}},"42":{"start":{"line":113,"column":23},"end":{"line":113,"column":72}},"43":{"start":{"line":115,"column":8},"end":{"line":115,"column":50}},"44":{"start":{"line":116,"column":8},"end":{"line":116,"column":70}},"45":{"start":{"line":121,"column":2},"end":{"line":196,"column":5}},"46":{"start":{"line":122,"column":4},"end":{"line":143,"column":7}},"47":{"start":{"line":123,"column":25},"end":{"line":129,"column":7}},"48":{"start":{"line":131,"column":20},"end":{"line":131,"column":65}},"49":{"start":{"line":133,"column":6},"end":{"line":136,"column":9}},"50":{"start":{"line":138,"column":6},"end":{"line":142,"column":9}},"51":{"start":{"line":145,"column":4},"end":{"line":166,"column":7}},"52":{"start":{"line":146,"column":25},"end":{"line":153,"column":7}},"53":{"start":{"line":156,"column":6},"end":{"line":160,"column":11}},"54":{"start":{"line":162,"column":20},"end":{"line":162,"column":65}},"55":{"start":{"line":164,"column":6},"end":{"line":164,"column":45}},"56":{"start":{"line":165,"column":6},"end":{"line":165,"column":39}},"57":{"start":{"line":168,"column":4},"end":{"line":195,"column":7}},"58":{"start":{"line":169,"column":25},"end":{"line":175,"column":7}},"59":{"start":{"line":177,"column":20},"end":{"line":177,"column":65}},"60":{"start":{"line":179,"column":6},"end":{"line":179,"column":45}},"61":{"start":{"line":182,"column":26},"end":{"line":192,"column":8}},"62":{"start":{"line":183,"column":19},"end":{"line":183,"column":47}},"63":{"start":{"line":184,"column":8},"end":{"line":191,"column":10}},"64":{"start":{"line":188,"column":12},"end":{"line":188,"column":23}},"65":{"start":{"line":189,"column":12},"end":{"line":189,"column":25}},"66":{"start":{"line":194,"column":6},"end":{"line":194,"column":47}},"67":{"start":{"line":198,"column":2},"end":{"line":250,"column":5}},"68":{"start":{"line":199,"column":4},"end":{"line":217,"column":7}},"69":{"start":{"line":200,"column":6},"end":{"line":202,"column":8}},"70":{"start":{"line":204,"column":6},"end":{"line":211,"column":51}},"71":{"start":{"line":213,"column":6},"end":{"line":216,"column":9}},"72":{"start":{"line":219,"column":4},"end":{"line":236,"column":7}},"73":{"start":{"line":221,"column":24},"end":{"line":221,"column":71}},"74":{"start":{"line":223,"column":6},"end":{"line":230,"column":26}},"75":{"start":{"line":232,"column":6},"end":{"line":235,"column":9}},"76":{"start":{"line":238,"column":4},"end":{"line":249,"column":7}},"77":{"start":{"line":239,"column":21},"end":{"line":246,"column":7}},"78":{"start":{"line":240,"column":8},"end":{"line":245,"column":10}},"79":{"start":{"line":248,"column":6},"end":{"line":248,"column":63}},"80":{"start":{"line":252,"column":2},"end":{"line":293,"column":5}},"81":{"start":{"line":253,"column":4},"end":{"line":275,"column":7}},"82":{"start":{"line":254,"column":21},"end":{"line":261,"column":7}},"83":{"start":{"line":255,"column":8},"end":{"line":260,"column":10}},"84":{"start":{"line":263,"column":6},"end":{"line":263,"column":32}},"85":{"start":{"line":266,"column":32},"end":{"line":272,"column":8}},"86":{"start":{"line":267,"column":19},"end":{"line":267,"column":47}},"87":{"start":{"line":268,"column":8},"end":{"line":271,"column":11}},"88":{"start":{"line":269,"column":10},"end":{"line":269,"column":21}},"89":{"start":{"line":270,"column":10},"end":{"line":270,"column":23}},"90":{"start":{"line":274,"column":6},"end":{"line":274,"column":46}},"91":{"start":{"line":277,"column":4},"end":{"line":292,"column":7}},"92":{"start":{"line":278,"column":24},"end":{"line":278,"column":34}},"93":{"start":{"line":279,"column":21},"end":{"line":286,"column":7}},"94":{"start":{"line":280,"column":8},"end":{"line":285,"column":10}},"95":{"start":{"line":288,"column":6},"end":{"line":288,"column":32}},"96":{"start":{"line":289,"column":23},"end":{"line":289,"column":45}},"97":{"start":{"line":291,"column":6},"end":{"line":291,"column":42}},"98":{"start":{"line":295,"column":2},"end":{"line":322,"column":5}},"99":{"start":{"line":296,"column":19},"end":{"line":296,"column":20}},"100":{"start":{"line":298,"column":4},"end":{"line":307,"column":7}},"101":{"start":{"line":299,"column":22},"end":{"line":302,"column":8}},"102":{"start":{"line":304,"column":6},"end":{"line":304,"column":48}},"103":{"start":{"line":305,"column":6},"end":{"line":305,"column":52}},"104":{"start":{"line":306,"column":6},"end":{"line":306,"column":80}},"105":{"start":{"line":309,"column":4},"end":{"line":316,"column":7}},"106":{"start":{"line":310,"column":22},"end":{"line":310,"column":66}},"107":{"start":{"line":312,"column":6},"end":{"line":315,"column":7}},"108":{"start":{"line":312,"column":19},"end":{"line":312,"column":20}},"109":{"start":{"line":313,"column":8},"end":{"line":314,"column":65}},"110":{"start":{"line":318,"column":4},"end":{"line":321,"column":7}},"111":{"start":{"line":319,"column":22},"end":{"line":319,"column":65}},"112":{"start":{"line":320,"column":6},"end":{"line":320,"column":34}}},"fnMap":{"0":{"name":"(anonymous_0)","decl":{"start":{"line":10,"column":27},"end":{"line":10,"column":28}},"loc":{"start":{"line":10,"column":33},"end":{"line":323,"column":1}},"line":10},"1":{"name":"(anonymous_1)","decl":{"start":{"line":13,"column":13},"end":{"line":13,"column":14}},"loc":{"start":{"line":13,"column":19},"end":{"line":22,"column":3}},"line":13},"2":{"name":"(anonymous_2)","decl":{"start":{"line":19,"column":52},"end":{"line":19,"column":53}},"loc":{"start":{"line":20,"column":6},"end":{"line":20,"column":47}},"line":20},"3":{"name":"(anonymous_3)","decl":{"start":{"line":24,"column":38},"end":{"line":24,"column":39}},"loc":{"start":{"line":24,"column":44},"end":{"line":119,"column":3}},"line":24},"4":{"name":"(anonymous_4)","decl":{"start":{"line":25,"column":29},"end":{"line":25,"column":30}},"loc":{"start":{"line":25,"column":35},"end":{"line":92,"column":5}},"line":25},"5":{"name":"(anonymous_5)","decl":{"start":{"line":33,"column":50},"end":{"line":33,"column":51}},"loc":{"start":{"line":33,"column":62},"end":{"line":49,"column":7}},"line":33},"6":{"name":"(anonymous_6)","decl":{"start":{"line":51,"column":62},"end":{"line":51,"column":63}},"loc":{"start":{"line":51,"column":74},"end":{"line":63,"column":7}},"line":51},"7":{"name":"(anonymous_7)","decl":{"start":{"line":65,"column":63},"end":{"line":65,"column":64}},"loc":{"start":{"line":65,"column":75},"end":{"line":78,"column":7}},"line":65},"8":{"name":"(anonymous_8)","decl":{"start":{"line":80,"column":45},"end":{"line":80,"column":46}},"loc":{"start":{"line":80,"column":57},"end":{"line":91,"column":7}},"line":80},"9":{"name":"(anonymous_9)","decl":{"start":{"line":94,"column":36},"end":{"line":94,"column":37}},"loc":{"start":{"line":94,"column":42},"end":{"line":118,"column":5}},"line":94},"10":{"name":"(anonymous_10)","decl":{"start":{"line":95,"column":46},"end":{"line":95,"column":47}},"loc":{"start":{"line":95,"column":58},"end":{"line":105,"column":7}},"line":95},"11":{"name":"(anonymous_11)","decl":{"start":{"line":107,"column":44},"end":{"line":107,"column":45}},"loc":{"start":{"line":107,"column":56},"end":{"line":117,"column":7}},"line":107},"12":{"name":"(anonymous_12)","decl":{"start":{"line":121,"column":32},"end":{"line":121,"column":33}},"loc":{"start":{"line":121,"column":38},"end":{"line":196,"column":3}},"line":121},"13":{"name":"(anonymous_13)","decl":{"start":{"line":122,"column":47},"end":{"line":122,"column":48}},"loc":{"start":{"line":122,"column":59},"end":{"line":143,"column":5}},"line":122},"14":{"name":"(anonymous_14)","decl":{"start":{"line":145,"column":60},"end":{"line":145,"column":61}},"loc":{"start":{"line":145,"column":72},"end":{"line":166,"column":5}},"line":145},"15":{"name":"(anonymous_15)","decl":{"start":{"line":168,"column":59},"end":{"line":168,"column":60}},"loc":{"start":{"line":168,"column":71},"end":{"line":195,"column":5}},"line":168},"16":{"name":"(anonymous_16)","decl":{"start":{"line":182,"column":44},"end":{"line":182,"column":45}},"loc":{"start":{"line":182,"column":57},"end":{"line":192,"column":7}},"line":182},"17":{"name":"(anonymous_17)","decl":{"start":{"line":187,"column":10},"end":{"line":187,"column":11}},"loc":{"start":{"line":187,"column":24},"end":{"line":190,"column":11}},"line":187},"18":{"name":"(anonymous_18)","decl":{"start":{"line":198,"column":29},"end":{"line":198,"column":30}},"loc":{"start":{"line":198,"column":35},"end":{"line":250,"column":3}},"line":198},"19":{"name":"(anonymous_19)","decl":{"start":{"line":199,"column":53},"end":{"line":199,"column":54}},"loc":{"start":{"line":199,"column":65},"end":{"line":217,"column":5}},"line":199},"20":{"name":"(anonymous_20)","decl":{"start":{"line":219,"column":51},"end":{"line":219,"column":52}},"loc":{"start":{"line":219,"column":63},"end":{"line":236,"column":5}},"line":219},"21":{"name":"(anonymous_21)","decl":{"start":{"line":238,"column":48},"end":{"line":238,"column":49}},"loc":{"start":{"line":238,"column":60},"end":{"line":249,"column":5}},"line":238},"22":{"name":"(anonymous_22)","decl":{"start":{"line":239,"column":41},"end":{"line":239,"column":42}},"loc":{"start":{"line":240,"column":8},"end":{"line":245,"column":10}},"line":240},"23":{"name":"(anonymous_23)","decl":{"start":{"line":252,"column":34},"end":{"line":252,"column":35}},"loc":{"start":{"line":252,"column":40},"end":{"line":293,"column":3}},"line":252},"24":{"name":"(anonymous_24)","decl":{"start":{"line":253,"column":54},"end":{"line":253,"column":55}},"loc":{"start":{"line":253,"column":66},"end":{"line":275,"column":5}},"line":253},"25":{"name":"(anonymous_25)","decl":{"start":{"line":254,"column":42},"end":{"line":254,"column":43}},"loc":{"start":{"line":255,"column":8},"end":{"line":260,"column":10}},"line":255},"26":{"name":"(anonymous_26)","decl":{"start":{"line":266,"column":50},"end":{"line":266,"column":51}},"loc":{"start":{"line":266,"column":63},"end":{"line":272,"column":7}},"line":266},"27":{"name":"(anonymous_27)","decl":{"start":{"line":268,"column":39},"end":{"line":268,"column":40}},"loc":{"start":{"line":268,"column":53},"end":{"line":271,"column":9}},"line":268},"28":{"name":"(anonymous_28)","decl":{"start":{"line":277,"column":49},"end":{"line":277,"column":50}},"loc":{"start":{"line":277,"column":61},"end":{"line":292,"column":5}},"line":277},"29":{"name":"(anonymous_29)","decl":{"start":{"line":279,"column":42},"end":{"line":279,"column":43}},"loc":{"start":{"line":280,"column":8},"end":{"line":285,"column":10}},"line":280},"30":{"name":"(anonymous_30)","decl":{"start":{"line":295,"column":28},"end":{"line":295,"column":29}},"loc":{"start":{"line":295,"column":34},"end":{"line":322,"column":3}},"line":295},"31":{"name":"(anonymous_31)","decl":{"start":{"line":298,"column":48},"end":{"line":298,"column":49}},"loc":{"start":{"line":298,"column":60},"end":{"line":307,"column":5}},"line":298},"32":{"name":"(anonymous_32)","decl":{"start":{"line":309,"column":48},"end":{"line":309,"column":49}},"loc":{"start":{"line":309,"column":60},"end":{"line":316,"column":5}},"line":309},"33":{"name":"(anonymous_33)","decl":{"start":{"line":318,"column":44},"end":{"line":318,"column":45}},"loc":{"start":{"line":318,"column":56},"end":{"line":321,"column":5}},"line":318}},"branchMap":{"0":{"loc":{"start":{"line":20,"column":6},"end":{"line":20,"column":47}},"type":"cond-expr","locations":[{"start":{"line":20,"column":25},"end":{"line":20,"column":34}},{"start":{"line":20,"column":37},"end":{"line":20,"column":47}}],"line":20}},"s":{"0":0,"1":0,"2":0,"3":0,"4":0,"5":0,"6":0,"7":0,"8":0,"9":0,"10":0,"11":0,"12":0,"13":0,"14":0,"15":0,"16":0,"17":0,"18":0,"19":0,"20":0,"21":0,"22":0,"23":0,"24":0,"25":0,"26":0,"27":0,"28":0,"29":0,"30":0,"31":0,"32":0,"33":0,"34":0,"35":0,"36":0,"37":0,"38":0,"39":0,"40":0,"41":0,"42":0,"43":0,"44":0,"45":0,"46":0,"47":0,"48":0,"49":0,"50":0,"51":0,"52":0,"53":0,"54":0,"55":0,"56":0,"57":0,"58":0,"59":0,"60":0,"61":0,"62":0,"63":0,"64":0,"65":0,"66":0,"67":0,"68":0,"69":0,"70":0,"71":0,"72":0,"73":0,"74":0,"75":0,"76":0,"77":0,"78":0,"79":0,"80":0,"81":0,"82":0,"83":0,"84":0,"85":0,"86":0,"87":0,"88":0,"89":0,"90":0,"91":0,"92":0,"93":0,"94":0,"95":0,"96":0,"97":0,"98":0,"99":0,"100":0,"101":0,"102":0,"103":0,"104":0,"105":0,"106":0,"107":0,"108":0,"109":0,"110":0,"111":0,"112":0},"f":{"0":0,"1":0,"2":0,"3":0,"4":0,"5":0,"6":0,"7":0,"8":0,"9":0,"10":0,"11":0,"12":0,"13":0,"14":0,"15":0,"16":0,"17":0,"18":0,"19":0,"20":0,"21":0,"22":0,"23":0,"24":0,"25":0,"26":0,"27":0,"28":0,"29":0,"30":0,"31":0,"32":0,"33":0},"b":{"0":[0,0]}}
}
